PRT1
270
756
4 0 2 (4096 -1024 -832 ) (4096 -1024 0 ) (4096 -960 0 ) (4096 -960 -832 ) 
4 0 1 (4096 -1024 0 ) (4096 -1024 -832 ) (4416 -1024 -832 ) (4416 -1024 0 ) 
4 1 24 (4416 -2048 0 ) (4096 -2048 0 ) (4096 -2048 -832 ) (4416 -2048 -832 ) 
4 1 4 (4096 -2048 -832 ) (4096 -2048 0 ) (4096 -1024 0 ) (4096 -1024 -832 ) 
4 2 8 (3072 -1024 -512 ) (3072 -1024 -832 ) (3296 -1024 -832 ) (3296 -1024 -512 ) 
4 2 7 (3296 -1024 0 ) (3072 -1024 0 ) (3072 -1024 -512 ) (3296 -1024 -512 ) 
4 2 5 (3376 -1024 0 ) (3296 -1024 0 ) (3296 -1024 -832 ) (3376 -1024 -832 ) 
4 2 4 (4096 -1024 -832 ) (4096 -1024 0 ) (3376 -1024 0 ) (3376 -1024 -832 ) 
4 2 3 (3072 -960 -832 ) (3072 -1024 -832 ) (3072 -1024 0 ) (3072 -960 0 ) 
4 3 56 (2048 -1024 -832 ) (2048 -1024 0 ) (2048 -960 0 ) (2048 -960 -832 ) 
4 3 20 (2048 -1024 -320 ) (2048 -1024 -832 ) (2816 -1024 -832 ) (2816 -1024 -320 ) 
4 3 19 (2048 -1024 0 ) (2048 -1024 -320 ) (2816 -1024 -320 ) (2816 -1024 0 ) 
4 3 17 (2816 -1024 -832 ) (2848 -1024 -832 ) (2848 -1024 0 ) (2816 -1024 0 ) 
4 3 15 (2848 -1024 -832 ) (2880 -1024 -832 ) (2880 -1024 0 ) (2848 -1024 0 ) 
4 3 11 (2880 -1024 -832 ) (3072 -1024 -832 ) (3072 -1024 0 ) (2880 -1024 0 ) 
4 4 26 (4096 -2048 -832 ) (4096 -2048 0 ) (3376 -2048 0 ) (3376 -2048 -832 ) 
4 4 6 (3376 -2048 -512 ) (3376 -2048 0 ) (3376 -1776 0 ) (3376 -1776 -512 ) 
4 4 5 (3376 -1024 -832 ) (3376 -1776 -832 ) (3376 -1776 0 ) (3376 -1024 0 ) 
4 5 8 (3296 -1024 -512 ) (3296 -1024 -832 ) (3296 -1776 -832 ) (3296 -1776 -512 ) 
4 5 7 (3296 -1024 0 ) (3296 -1024 -512 ) (3296 -1776 -512 ) (3296 -1776 0 ) 
4 5 6 (3376 -1776 -512 ) (3376 -1776 0 ) (3296 -1776 0 ) (3296 -1776 -512 ) 
4 6 27 (3376 -2048 0 ) (3296 -2048 0 ) (3296 -2048 -512 ) (3376 -2048 -512 ) 
4 6 9 (3296 -2048 -512 ) (3296 -2048 0 ) (3296 -1808 0 ) (3296 -1808 -512 ) 
4 6 7 (3296 -1808 0 ) (3296 -1776 0 ) (3296 -1776 -512 ) (3296 -1808 -512 ) 
4 7 12 (3072 -1776 -512 ) (3072 -1808 -512 ) (3072 -1808 0 ) (3072 -1776 0 ) 
4 7 11 (3072 -1024 0 ) (3072 -1024 -512 ) (3072 -1776 -512 ) (3072 -1776 0 ) 
4 7 9 (3296 -1808 -512 ) (3296 -1808 0 ) (3072 -1808 0 ) (3072 -1808 -512 ) 
4 7 8 (3072 -1776 -512 ) (3072 -1024 -512 ) (3296 -1024 -512 ) (3296 -1776 -512 ) 
4 8 11 (3072 -1024 -512 ) (3072 -1024 -832 ) (3072 -1776 -832 ) (3072 -1776 -512 ) 
4 9 29 (3072 -2048 0 ) (3072 -2048 -512 ) (3296 -2048 -512 ) (3296 -2048 0 ) 
4 9 13 (3072 -2048 -512 ) (3072 -2048 0 ) (3072 -1808 0 ) (3072 -1808 -512 ) 
4 10 33 (3248 -2048 -784 ) (3296 -2048 -784 ) (3296 -2048 -564.443970 ) (3248 -2048 -564.443970 ) 
4 10 35 (3072 -2048 -564.443970 ) (3072 -2048 -784 ) (3248 -2048 -784 ) (3248 -2048 -564.443970 ) 
4 10 30 (3072 -2048 -544 ) (3072 -2048 -564.443970 ) (3296 -2048 -564.443970 ) (3296 -2048 -544 ) 
4 10 14 (3072 -2048 -784 ) (3072 -2048 -544 ) (3072 -1808 -544 ) (3072 -1808 -784 ) 
4 11 15 (2880 -1024 -832 ) (2880 -1776 -832 ) (2880 -1776 0 ) (2880 -1024 0 ) 
4 11 12 (3072 -1776 0 ) (2880 -1776 0 ) (2880 -1776 -512 ) (3072 -1776 -512 ) 
4 12 16 (2880 -1808 -512 ) (2880 -1808 0 ) (2880 -1776 0 ) (2880 -1776 -512 ) 
4 12 13 (2880 -1808 0 ) (2880 -1808 -512 ) (3072 -1808 -512 ) (3072 -1808 0 ) 
4 13 38 (3072 -2048 -512 ) (3072 -2048 -480 ) (2880 -2048 -480 ) (2880 -2048 -512 ) 
4 13 37 (3072 -2048 -480 ) (3072 -2048 0 ) (2880 -2048 0 ) (2880 -2048 -480 ) 
4 13 16 (2880 -2048 -512 ) (2880 -2048 0 ) (2880 -1808 0 ) (2880 -1808 -512 ) 
4 14 42 (2928 -2048 -564.443970 ) (2880 -2048 -564.443970 ) (2880 -2048 -784 ) (2928 -2048 -784 ) 
4 14 41 (3072 -2048 -784 ) (3072 -2048 -564.443970 ) (2928 -2048 -564.443970 ) (2928 -2048 -784 ) 
4 14 39 (3072 -2048 -564.443970 ) (3072 -2048 -544 ) (2880 -2048 -544 ) (2880 -2048 -564.443970 ) 
4 15 18 (2848 -1776 -320 ) (2848 -1776 0 ) (2848 -1632 0 ) (2848 -1632 -320 ) 
4 15 17 (2848 -1024 0 ) (2848 -1024 -832 ) (2848 -1632 -832 ) (2848 -1632 0 ) 
4 15 16 (2880 -1776 -512 ) (2880 -1776 0 ) (2848 -1776 0 ) (2848 -1776 -512 ) 
4 16 45 (2848 -2048 0 ) (2848 -2048 -512 ) (2880 -2048 -512 ) (2880 -2048 0 ) 
4 16 18 (2848 -2048 -320 ) (2848 -2048 0 ) (2848 -1776 0 ) (2848 -1776 -320 ) 
4 17 20 (2816 -1024 -320 ) (2816 -1024 -832 ) (2816 -1632 -832 ) (2816 -1632 -320 ) 
4 17 19 (2816 -1024 0 ) (2816 -1024 -320 ) (2816 -1632 -320 ) (2816 -1632 0 ) 
4 17 18 (2848 -1632 -320 ) (2848 -1632 0 ) (2816 -1632 0 ) (2816 -1632 -320 ) 
4 18 47 (2816 -2048 0 ) (2816 -2048 -320 ) (2848 -2048 -320 ) (2848 -2048 0 ) 
4 18 21 (2816 -2048 -320 ) (2816 -2048 0 ) (2816 -1664 0 ) (2816 -1664 -320 ) 
4 18 19 (2816 -1664 0 ) (2816 -1632 0 ) (2816 -1632 -320 ) (2816 -1664 -320 ) 
4 19 58 (2048 -1024 0 ) (2048 -1024 -320 ) (2048 -1664 -320 ) (2048 -1664 0 ) 
4 19 21 (2048 -1664 0 ) (2048 -1664 -320 ) (2816 -1664 -320 ) (2816 -1664 0 ) 
4 19 20 (2048 -1632 -320 ) (2048 -1024 -320 ) (2816 -1024 -320 ) (2816 -1632 -320 ) 
4 20 59 (2048 -1024 -320 ) (2048 -1024 -832 ) (2048 -1632 -832 ) (2048 -1632 -320 ) 
4 21 58 (2048 -2048 -320 ) (2048 -2048 0 ) (2048 -1664 0 ) (2048 -1664 -320 ) 
4 21 49 (2048 -2048 0 ) (2048 -2048 -320 ) (2816 -2048 -320 ) (2816 -2048 0 ) 
4 22 60 (2048 -2048 -608 ) (2048 -2048 -352 ) (2048 -1664 -352 ) (2048 -1664 -608 ) 
4 22 50 (2048 -2048 -352 ) (2048 -2048 -608 ) (2816 -2048 -608 ) (2816 -2048 -352 ) 
4 23 64 (2048 -2048 -832 ) (2048 -2048 -624 ) (2048 -1664 -624 ) (2048 -1664 -832 ) 
4 23 51 (2048 -2048 -624 ) (2048 -2048 -832 ) (2816 -2048 -832 ) (2816 -2048 -624 ) 
4 24 26 (4096 -2048 0 ) (4096 -2048 -832 ) (4096 -3072 -832 ) (4096 -3072 0 ) 
4 24 25 (4416 -3072 0 ) (4096 -3072 0 ) (4096 -3072 -832 ) (4416 -3072 -832 ) 
4 25 54 (4096 -3904 0 ) (4096 -3072 0 ) (4096 -3072 -832 ) (4096 -3904 -832 ) 
4 26 54 (4096 -3072 -832 ) (4096 -3072 0 ) (3376 -3072 0 ) (3376 -3072 -832 ) 
4 26 27 (3376 -2880 -512 ) (3376 -2880 0 ) (3376 -2048 0 ) (3376 -2048 -512 ) 
4 26 28 (3376 -2880 -832 ) (3376 -3072 -832 ) (3376 -3072 0 ) (3376 -2880 0 ) 
4 27 31 (3296 -2880 0 ) (3296 -2784.050293 0 ) (3296 -2784.050293 -480 ) (3296 -2880 -480 ) 
4 27 29 (3296 -2784.050293 0 ) (3296 -2048 0 ) (3296 -2048 -512 ) (3296 -2784.050293 -512 ) 
4 27 28 (3376 -2880 -512 ) (3376 -2880 0 ) (3296 -2880 0 ) (3296 -2880 -512 ) 
4 28 54 (3376 -3072 0 ) (3296 -3072 0 ) (3296 -3072 -832 ) (3376 -3072 -832 ) 
4 28 36 (3296 -3072 -832 ) (3296 -3072 -784 ) (3296 -2880 -784 ) (3296 -2880 -832 ) 
4 28 34 (3296 -3072 -784 ) (3296 -3072 -564.443970 ) (3296 -2880 -564.443970 ) (3296 -2880 -784 ) 
4 28 32 (3296 -3072 -564.443970 ) (3296 -3072 0 ) (3296 -2880 0 ) (3296 -2880 -564.443970 ) 
4 29 38 (3072 -2048 -480 ) (3072 -2048 -512 ) (3072 -2784.050293 -512 ) (3072 -2784.050293 -480 ) 
4 29 37 (3072 -2048 0 ) (3072 -2048 -480 ) (3072 -2784.050293 -480 ) (3072 -2784.050293 0 ) 
4 29 31 (3296 -2784.050293 -480 ) (3296 -2784.050293 0 ) (3072 -2784.050293 0 ) (3072 -2784.050293 -480 ) 
4 30 39 (3072 -2048 -544 ) (3072 -2048 -564.443970 ) (3072 -2784.050293 -564.443970 ) (3072 -2784.050293 -544 ) 
4 30 33 (3248 -2048 -564.443970 ) (3296 -2048 -564.443970 ) (3296 -2784.050293 -564.443970 ) (3248 -2784.050293 -564.443970 ) 
4 30 35 (3072 -2784.050293 -564.443970 ) (3072 -2048 -564.443970 ) (3248 -2048 -564.443970 ) (3248 -2784.050293 -564.443970 ) 
4 31 37 (3072 -2880.060059 -480 ) (3072 -2880.060059 0 ) (3072 -2784.050293 0 ) (3072 -2784.050293 -480 ) 
4 31 32 (3296 -2880.060059 -480 ) (3296 -2880.060059 0 ) (3072 -2880.060059 0 ) (3072 -2880.060059 -480 ) 
4 32 54 (3296 -3072 -564.443970 ) (3296 -3072 0 ) (3072 -3072 0 ) (3072 -3072 -564.443970 ) 
4 32 40 (3072 -2880.060059 -564.443970 ) (3072 -3072 -564.443970 ) (3072 -3072 -480 ) (3072 -2880.060059 -480 ) 
4 32 37 (3072 -3072 -480 ) (3072 -3072 0 ) (3072 -2880.060059 0 ) (3072 -2880.060059 -480 ) 
4 32 34 (3248 -2880.060059 -564.443970 ) (3296 -2880.060059 -564.443970 ) (3296 -3072 -564.443970 ) (3248 -3072 -564.443970 ) 
4 32 35 (3072 -3072 -564.443970 ) (3072 -2880.060059 -564.443970 ) (3248 -2880.060059 -564.443970 ) (3248 -3072 -564.443970 ) 
4 33 35 (3248 -2048 -784 ) (3248 -2784 -784 ) (3248 -2784 -564.443970 ) (3248 -2048 -564.443970 ) 
4 34 54 (3296 -3072 -784 ) (3296 -3072 -564.443970 ) (3248 -3072 -564.443970 ) (3248 -3072 -784 ) 
4 34 36 (3296 -2880.060059 -784 ) (3296 -3072 -784 ) (3248 -3072 -784 ) (3248 -2880.060059 -784 ) 
4 34 35 (3248 -2880.060059 -784 ) (3248 -3072 -784 ) (3248 -3072 -564.443970 ) (3248 -2880.060059 -564.443970 ) 
4 35 54 (3248 -3072 -564.443970 ) (3072 -3072 -564.443970 ) (3072 -3072 -784 ) (3248 -3072 -784 ) 
4 35 41 (3072 -2048 -564.443970 ) (3072 -2048 -784 ) (3072 -3072 -784 ) (3072 -3072 -564.443970 ) 
4 35 36 (3248 -2880 -784 ) (3248 -3072 -784 ) (3072 -3072 -784 ) (3072 -2880 -784 ) 
4 36 54 (3296 -3072 -832 ) (3296 -3072 -784 ) (3072 -3072 -784 ) (3072 -3072 -832 ) 
4 36 44 (3072 -2880 -832 ) (3072 -3072 -832 ) (3072 -3072 -784 ) (3072 -2880 -784 ) 
4 37 55 (3072 -3072 -480 ) (3072 -3072 0 ) (2880 -3072 0 ) (2880 -3072 -480 ) 
4 37 45 (2880 -2048 0 ) (2880 -2048 -480 ) (2880 -2880 -480 ) (2880 -2880 0 ) 
4 37 46 (2880 -2880 -480 ) (2880 -3072 -480 ) (2880 -3072 0 ) (2880 -2880 0 ) 
4 37 40 (3072 -3072 -480 ) (2880 -3072 -480 ) (2880 -2880.060059 -480 ) (3072 -2880.060059 -480 ) 
4 37 38 (2880 -2784.050293 -480 ) (2880 -2048 -480 ) (3072 -2048 -480 ) (3072 -2784.050293 -480 ) 
4 38 45 (2880 -2048 -480 ) (2880 -2048 -512 ) (2880 -2784.050293 -512 ) (2880 -2784.050293 -480 ) 
4 39 42 (2880 -2784.050293 -564.443970 ) (2880 -2048 -564.443970 ) (2928 -2048 -564.443970 ) (2928 -2784.050293 -564.443970 ) 
4 39 41 (2928 -2048 -564.443970 ) (3072 -2048 -564.443970 ) (3072 -2784.050293 -564.443970 ) (2928 -2784.050293 -564.443970 ) 
4 40 55 (3072 -3072 -564.443970 ) (3072 -3072 -480 ) (2880 -3072 -480 ) (2880 -3072 -564.443970 ) 
4 40 46 (2880 -2880.060059 -564.443970 ) (2880 -3072 -564.443970 ) (2880 -3072 -480 ) (2880 -2880.060059 -480 ) 
4 40 43 (2880 -3072 -564.443970 ) (2880 -2880.060059 -564.443970 ) (2928 -2880.060059 -564.443970 ) (2928 -3072 -564.443970 ) 
4 40 41 (2928 -2880.060059 -564.443970 ) (3072 -2880.060059 -564.443970 ) (3072 -3072 -564.443970 ) (2928 -3072 -564.443970 ) 
4 41 55 (3072 -3072 -784 ) (3072 -3072 -564.443970 ) (2928 -3072 -564.443970 ) (2928 -3072 -784 ) 
4 41 44 (3072 -3072 -784 ) (2928 -3072 -784 ) (2928 -2880 -784 ) (3072 -2880 -784 ) 
4 41 42 (2928 -2048 -784 ) (2928 -2784.050293 -784 ) (2928 -2784.050293 -564.443970 ) (2928 -2048 -564.443970 ) 
4 41 43 (2928 -2880.110107 -784 ) (2928 -3072 -784 ) (2928 -3072 -564.443970 ) (2928 -2880.110107 -564.443970 ) 
4 43 55 (2928 -3072 -564.443970 ) (2880 -3072 -564.443970 ) (2880 -3072 -784 ) (2928 -3072 -784 ) 
4 43 46 (2880 -2880.110107 -784 ) (2880 -3072 -784 ) (2880 -3072 -564.443970 ) (2880 -2880.110107 -564.443970 ) 
4 43 44 (2928 -3072 -784 ) (2880 -3072 -784 ) (2880 -2880.110107 -784 ) (2928 -2880.110107 -784 ) 
4 44 55 (3072 -3072 -832 ) (3072 -3072 -784 ) (2880 -3072 -784 ) (2880 -3072 -832 ) 
4 44 46 (2880 -2880 -832 ) (2880 -3072 -832 ) (2880 -3072 -784 ) (2880 -2880 -784 ) 
4 45 47 (2848 -2048 0 ) (2848 -2048 -320 ) (2848 -2784 -320 ) (2848 -2784 0 ) 
4 45 48 (2848 -2784 -512 ) (2848 -2880 -512 ) (2848 -2880 0 ) (2848 -2784 0 ) 
4 45 46 (2880 -2880 -512 ) (2880 -2880 0 ) (2848 -2880 0 ) (2848 -2880 -512 ) 
4 46 55 (2848 -3072 0 ) (2848 -3072 -832 ) (2880 -3072 -832 ) (2880 -3072 0 ) 
4 46 48 (2848 -2880 -832 ) (2848 -3072 -832 ) (2848 -3072 0 ) (2848 -2880 0 ) 
4 47 52 (2816 -2784 -320 ) (2816 -2784 0 ) (2816 -2752 0 ) (2816 -2752 -320 ) 
4 47 49 (2816 -2752 0 ) (2816 -2048 0 ) (2816 -2048 -320 ) (2816 -2752 -320 ) 
4 47 48 (2848 -2784 -320 ) (2848 -2784 0 ) (2816 -2784 0 ) (2816 -2784 -320 ) 
4 48 55 (2816 -3072 0 ) (2816 -3072 -832 ) (2848 -3072 -832 ) (2848 -3072 0 ) 
4 48 53 (2816 -2784 -832 ) (2816 -3072 -832 ) (2816 -3072 0 ) (2816 -2784 0 ) 
4 49 102 (2048 -2048 0 ) (2048 -2048 -320 ) (2048 -2752 -320 ) (2048 -2752 0 ) 
4 49 52 (2048 -2752 0 ) (2048 -2752 -320 ) (2816 -2752 -320 ) (2816 -2752 0 ) 
4 50 103 (2048 -2048 -352 ) (2048 -2048 -608 ) (2048 -2752 -608 ) (2048 -2752 -352 ) 
4 51 104 (2048 -2048 -624 ) (2048 -2048 -832 ) (2048 -2752 -832 ) (2048 -2752 -624 ) 
4 52 102 (2048 -2784 0 ) (2048 -2752 0 ) (2048 -2752 -320 ) (2048 -2784 -320 ) 
4 52 53 (2816 -2784 -320 ) (2816 -2784 0 ) (2048 -2784 0 ) (2048 -2784 -320 ) 
4 53 110 (2048 -3072 -832 ) (2048 -3072 -320 ) (2048 -2784 -320 ) (2048 -2784 -832 ) 
4 53 102 (2048 -3072 -320 ) (2048 -3072 0 ) (2048 -2784 0 ) (2048 -2784 -320 ) 
4 53 55 (2048 -3072 0 ) (2048 -3072 -832 ) (2816 -3072 -832 ) (2816 -3072 0 ) 
4 54 55 (3072 -3904 0 ) (3072 -3072 0 ) (3072 -3072 -832 ) (3072 -3904 -832 ) 
4 55 242 (2048 -3904 0 ) (2048 -3072 0 ) (2048 -3072 -832 ) (2048 -3904 -832 ) 
4 56 59 (2048 -1024 -832 ) (2048 -1024 -320 ) (1024 -1024 -320 ) (1024 -1024 -832 ) 
4 56 58 (2048 -1024 -320 ) (2048 -1024 0 ) (1024 -1024 0 ) (1024 -1024 -320 ) 
4 56 57 (1024 -960 -832 ) (1024 -1024 -832 ) (1024 -1024 0 ) (1024 -960 0 ) 
4 57 100 (0 -1024 -832 ) (0 -1024 0 ) (0 -960 0 ) (0 -960 -832 ) 
4 57 97 (320 -1024 -832 ) (352 -1024 -832 ) (352 -1024 0 ) (320 -1024 0 ) 
4 57 99 (0 -1024 0 ) (0 -1024 -832 ) (320 -1024 -832 ) (320 -1024 0 ) 
4 57 91 (352 -1024 -832 ) (448 -1024 -832 ) (448 -1024 -640 ) (352 -1024 -640 ) 
4 57 87 (448 -1024 -640 ) (448 -1024 -448 ) (352 -1024 -448 ) (352 -1024 -640 ) 
4 57 86 (448 -1024 -448 ) (448 -1024 0 ) (352 -1024 0 ) (352 -1024 -448 ) 
4 57 80 (448 -1024 -832 ) (480 -1024 -832 ) (480 -1024 -448 ) (448 -1024 -448 ) 
4 57 79 (480 -1024 -448 ) (480 -1024 0 ) (448 -1024 0 ) (448 -1024 -448 ) 
4 57 75 (480 -1024 -832 ) (960 -1024 -832 ) (960 -1024 -448 ) (480 -1024 -448 ) 
4 57 74 (960 -1024 -448 ) (960 -1024 0 ) (480 -1024 0 ) (480 -1024 -448 ) 
4 57 72 (960 -1024 -832 ) (992 -1024 -832 ) (992 -1024 -608 ) (960 -1024 -608 ) 
4 57 70 (992 -1024 -832 ) (1024 -1024 -832 ) (1024 -1024 -608 ) (992 -1024 -608 ) 
4 57 66 (1024 -1024 -608 ) (1024 -1024 -320 ) (960 -1024 -320 ) (960 -1024 -608 ) 
4 57 65 (1024 -1024 -320 ) (1024 -1024 0 ) (960 -1024 0 ) (960 -1024 -320 ) 
4 58 102 (2048 -2048 -320 ) (2048 -2048 0 ) (1024 -2048 0 ) (1024 -2048 -320 ) 
4 58 65 (1024 -1024 0 ) (1024 -1024 -320 ) (1024 -2048 -320 ) (1024 -2048 0 ) 
4 58 63 (1344 -2048 -320 ) (1024 -2048 -320 ) (1024 -1968 -320 ) (1344 -1968 -320 ) 
4 58 59 (1024 -1024 -320 ) (2048 -1024 -320 ) (2048 -1632 -320 ) (1024 -1632 -320 ) 
4 59 70 (1024 -1024 -608 ) (1024 -1024 -832 ) (1024 -1632 -832 ) (1024 -1632 -608 ) 
4 59 66 (1024 -1024 -320 ) (1024 -1024 -608 ) (1024 -1632 -608 ) (1024 -1632 -320 ) 
4 60 103 (2048 -2048 -608 ) (2048 -2048 -352 ) (1376 -2048 -352 ) (1376 -2048 -608 ) 
4 61 67 (1024 -1664 -336 ) (1024 -1664 -608 ) (1024 -1936 -608 ) (1024 -1936 -336 ) 
4 61 62 (1101 -1936 -608 ) (1194 -1936 -608 ) (1194 -1936 -495 ) (1101 -1936 -495 ) 
4 62 63 (1101 -1968 -608 ) (1194 -1968 -608 ) (1194 -1968 -495 ) (1101 -1968 -495 ) 
4 63 106 (1344 -2048 -320 ) (1024 -2048 -320 ) (1024 -2048 -608 ) (1344 -2048 -608 ) 
4 63 68 (1024 -2048 -608 ) (1024 -2048 -320 ) (1024 -1968 -320 ) (1024 -1968 -608 ) 
4 64 109 (1376 -2048 -624 ) (1024 -2048 -624 ) (1024 -2048 -832 ) (1376 -2048 -832 ) 
4 64 104 (2048 -2048 -832 ) (2048 -2048 -624 ) (1376 -2048 -624 ) (1376 -2048 -832 ) 
4 64 71 (1024 -2048 -832 ) (1024 -2048 -624 ) (1024 -1664 -624 ) (1024 -1664 -832 ) 
4 65 111 (1024 -2048 -320 ) (1024 -2048 0 ) (960 -2048 0 ) (960 -2048 -320 ) 
4 65 76 (960 -2048 -320 ) (960 -2048 0 ) (960 -1856 0 ) (960 -1856 -320 ) 
4 65 74 (960 -1856 0 ) (960 -1024 0 ) (960 -1024 -320 ) (960 -1856 -320 ) 
4 65 69 (960 -2048 -320 ) (960 -1936 -320 ) (992 -1936 -320 ) (992 -2048 -320 ) 
4 65 68 (1024 -1968 -320 ) (1024 -2048 -320 ) (992 -2048 -320 ) (992 -1968 -320 ) 
4 65 66 (960 -1632 -320 ) (960 -1024 -320 ) (1024 -1024 -320 ) (1024 -1632 -320 ) 
4 66 75 (960 -1024 -448 ) (960 -1024 -608 ) (960 -1632 -608 ) (960 -1632 -448 ) 
4 66 74 (960 -1632 -320 ) (960 -1024 -320 ) (960 -1024 -448 ) (960 -1632 -448 ) 
4 66 72 (960 -1632 -608 ) (960 -1024 -608 ) (992 -1024 -608 ) (992 -1632 -608 ) 
4 66 70 (992 -1024 -608 ) (1024 -1024 -608 ) (1024 -1632 -608 ) (992 -1632 -608 ) 
4 68 112 (1024 -2048 -608 ) (1024 -2048 -575 ) (992 -2048 -575 ) (992 -2048 -608 ) 
4 68 111 (1024 -2048 -575 ) (1024 -2048 -320 ) (992 -2048 -320 ) (992 -2048 -575 ) 
4 68 69 (992 -1968 -608 ) (992 -2048 -608 ) (992 -2048 -320 ) (992 -1968 -320 ) 
4 69 115 (960 -2048 -575 ) (960 -2048 -608 ) (976 -2048 -608 ) (976 -2048 -575 ) 
4 69 112 (976 -2048 -608 ) (992 -2048 -608 ) (992 -2048 -575 ) (976 -2048 -575 ) 
4 69 111 (992 -2048 -320 ) (960 -2048 -320 ) (960 -2048 -575 ) (992 -2048 -575 ) 
4 69 77 (960 -2048 -608 ) (960 -2048 -480 ) (960 -1936 -480 ) (960 -1936 -608 ) 
4 69 76 (960 -2048 -448 ) (960 -2048 -320 ) (960 -1936 -320 ) (960 -1936 -448 ) 
4 70 72 (992 -1024 -832 ) (992 -1632 -832 ) (992 -1632 -608 ) (992 -1024 -608 ) 
4 71 119 (1024 -2048 -832 ) (1024 -2048 -624 ) (992 -2048 -624 ) (992 -2048 -832 ) 
4 71 73 (992 -1968 -832 ) (992 -2048 -832 ) (992 -2048 -736 ) (992 -1968 -736 ) 
4 72 75 (960 -1632 -608 ) (960 -1024 -608 ) (960 -1024 -832 ) (960 -1632 -832 ) 
4 73 121 (960 -2048 -736 ) (960 -2048 -832 ) (992 -2048 -832 ) (992 -2048 -736 ) 
4 73 78 (960 -2048 -832 ) (960 -2048 -736 ) (960 -1968 -736 ) (960 -1968 -832 ) 
4 74 79 (480 -1024 0 ) (480 -1024 -448 ) (480 -1856 -448 ) (480 -1856 0 ) 
4 74 76 (480 -1856 0 ) (480 -1856 -448 ) (960 -1856 -448 ) (960 -1856 0 ) 
4 74 75 (480 -1824 -448 ) (480 -1024 -448 ) (960 -1024 -448 ) (960 -1824 -448 ) 
4 75 80 (480 -1024 -448 ) (480 -1024 -832 ) (480 -1824 -832 ) (480 -1824 -448 ) 
4 76 124 (960 -2048 -448 ) (960 -2048 0 ) (480 -2048 0 ) (480 -2048 -448 ) 
4 76 81 (480 -2048 -448 ) (480 -2048 0 ) (480 -1888 0 ) (480 -1888 -448 ) 
4 76 79 (480 -1888 0 ) (480 -1856 0 ) (480 -1856 -448 ) (480 -1888 -448 ) 
4 77 125 (960 -2048 -608 ) (960 -2048 -480 ) (480 -2048 -480 ) (480 -2048 -608 ) 
4 77 82 (480 -2000 -480 ) (480 -1888 -480 ) (480 -1888 -608 ) (480 -2000 -608 ) 
4 78 135 (960 -2048 -832 ) (960 -2048 -784 ) (480 -2048 -784 ) (480 -2048 -832 ) 
4 78 130 (960 -2048 -784 ) (960 -2048 -688 ) (480 -2048 -688 ) (480 -2048 -784 ) 
4 78 128 (960 -2048 -688 ) (960 -2048 -640 ) (480 -2048 -640 ) (480 -2048 -688 ) 
4 78 84 (480 -2000 -640 ) (480 -1888 -640 ) (480 -1888 -832 ) (480 -2000 -832 ) 
4 79 86 (448 -1024 0 ) (448 -1024 -448 ) (448 -1888 -448 ) (448 -1888 0 ) 
4 79 81 (448 -1888 0 ) (448 -1888 -448 ) (480 -1888 -448 ) (480 -1888 0 ) 
4 79 80 (448 -1824 -448 ) (448 -1024 -448 ) (480 -1024 -448 ) (480 -1824 -448 ) 
4 80 91 (448 -1024 -640 ) (448 -1024 -832 ) (448 -1824 -832 ) (448 -1824 -640 ) 
4 80 87 (448 -1024 -448 ) (448 -1024 -640 ) (448 -1824 -640 ) (448 -1824 -448 ) 
4 81 129 (480 -2048 -448 ) (480 -2048 0 ) (448 -2048 0 ) (448 -2048 -448 ) 
4 81 86 (448 -2048 -448 ) (448 -2048 0 ) (448 -1888 0 ) (448 -1888 -448 ) 
4 82 88 (448 -2000 -608 ) (448 -2000 -480 ) (448 -1888 -480 ) (448 -1888 -608 ) 
4 82 83 (464 -2000 -608 ) (448 -2000 -608 ) (448 -1888 -608 ) (464 -1888 -608 ) 
4 83 88 (448 -2000 -620 ) (448 -2000 -608 ) (448 -1888 -608 ) (448 -1888 -620 ) 
4 84 85 (464 -2000 -832 ) (464 -2000 -630 ) (464 -1888 -630 ) (464 -1888 -832 ) 
4 85 92 (448 -1888 -832 ) (448 -2000 -832 ) (448 -2000 -656 ) (448 -1888 -656 ) 
4 86 153 (448 -2048 -448 ) (448 -2048 0 ) (352 -2048 0 ) (352 -2048 -448 ) 
4 86 98 (352 -2048 -448 ) (352 -2048 0 ) (352 -1824 0 ) (352 -1824 -448 ) 
4 86 97 (352 -1824 0 ) (352 -1024 0 ) (352 -1024 -448 ) (352 -1824 -448 ) 
4 86 87 (352 -1856 -448 ) (352 -1024 -448 ) (448 -1024 -448 ) (448 -1856 -448 ) 
4 87 97 (352 -1824 -448 ) (352 -1024 -448 ) (352 -1024 -640 ) (352 -1824 -640 ) 
4 87 91 (352 -1856 -640 ) (352 -1024 -640 ) (448 -1024 -640 ) (448 -1856 -640 ) 
4 88 89 (432 -2000 -480 ) (432 -2000 -630 ) (448 -2000 -630 ) (448 -2000 -480 ) 
4 88 90 (432 -2000 -480 ) (432 -1888 -480 ) (432 -1888 -630 ) (432 -2000 -630 ) 
4 89 154 (448 -2048 -640 ) (448 -2048 -480 ) (432 -2048 -480 ) (432 -2048 -640 ) 
4 89 95 (448 -2032 -640 ) (448 -2048 -640 ) (432 -2048 -640 ) (432 -2032 -640 ) 
4 89 93 (448 -2016 -640 ) (448 -2032 -640 ) (432 -2032 -640 ) (432 -2016 -640 ) 
4 89 90 (432 -2048 -480 ) (432 -2000 -480 ) (432 -2000 -640 ) (432 -2048 -640 ) 
4 90 154 (432 -2048 -480 ) (352 -2048 -480 ) (352 -2048 -640 ) (432 -2048 -640 ) 
4 90 95 (352 -2048 -640 ) (352 -2032 -640 ) (432 -2032 -640 ) (432 -2048 -640 ) 
4 90 93 (352 -2032 -640 ) (352 -2016 -640 ) (432 -2016 -640 ) (432 -2032 -640 ) 
4 91 97 (352 -1824 -640 ) (352 -1024 -640 ) (352 -1024 -832 ) (352 -1824 -832 ) 
4 92 94 (352 -2016 -832 ) (448 -2016 -832 ) (448 -2016 -660 ) (352 -2016 -660 ) 
4 93 95 (448 -2032 -650 ) (448 -2032 -640 ) (352 -2032 -640 ) (352 -2032 -650 ) 
4 94 96 (352 -2032 -832 ) (448 -2032 -832 ) (448 -2032 -670 ) (352 -2032 -670 ) 
4 95 154 (448 -2048 -660 ) (448 -2048 -640 ) (352 -2048 -640 ) (352 -2048 -660 ) 
4 96 188 (448 -2048 -832 ) (448 -2048 -800 ) (352 -2048 -800 ) (352 -2048 -832 ) 
4 96 160 (448 -2048 -800 ) (448 -2048 -700 ) (352 -2048 -700 ) (352 -2048 -800 ) 
4 96 156 (448 -2048 -700 ) (448 -2048 -680 ) (352 -2048 -680 ) (352 -2048 -700 ) 
4 97 98 (320 -1824 0 ) (320 -1824 -448 ) (352 -1824 -448 ) (352 -1824 0 ) 
4 97 99 (320 -1024 -832 ) (320 -1824 -832 ) (320 -1824 0 ) (320 -1024 0 ) 
4 98 196 (352 -2048 -448 ) (352 -2048 0 ) (320 -2048 0 ) (320 -2048 -448 ) 
4 98 99 (320 -2048 -448 ) (320 -2048 0 ) (320 -1824 0 ) (320 -1824 -448 ) 
4 99 199 (0 -2048 -448 ) (0 -2048 -832 ) (320 -2048 -832 ) (320 -2048 -448 ) 
4 99 196 (320 -2048 0 ) (0 -2048 0 ) (0 -2048 -448 ) (320 -2048 -448 ) 
4 99 101 (0 -2048 -832 ) (0 -2048 0 ) (0 -1024 0 ) (0 -1024 -832 ) 
4 100 101 (0 -1024 -832 ) (0 -1024 0 ) (-448 -1024 0 ) (-448 -1024 -832 ) 
4 101 251 (-166 -2048 0 ) (-448 -2048 0 ) (-448 -2048 -832 ) (-166 -2048 -832 ) 
4 101 245 (-86 -2048 0 ) (-166 -2048 0 ) (-166 -2048 -640 ) (-86 -2048 -640 ) 
4 101 250 (-166 -2048 -640 ) (-166 -2048 -832 ) (-86 -2048 -832 ) (-86 -2048 -640 ) 
4 101 244 (0 -2048 -832 ) (0 -2048 0 ) (-86 -2048 0 ) (-86 -2048 -832 ) 
4 102 242 (2048 -3072 -320 ) (2048 -3072 0 ) (1024 -3072 0 ) (1024 -3072 -320 ) 
4 102 111 (1024 -2048 0 ) (1024 -2048 -320 ) (1024 -3072 -320 ) (1024 -3072 0 ) 
4 102 107 (1024 -2784 -320 ) (1024 -2768 -320 ) (1344 -2768 -320 ) (1344 -2784 -320 ) 
4 102 106 (1024 -2768 -320 ) (1024 -2048 -320 ) (1344 -2048 -320 ) (1344 -2768 -320 ) 
4 102 110 (2048 -3072 -320 ) (1024 -3072 -320 ) (1024 -2784 -320 ) (2048 -2784 -320 ) 
4 103 105 (1376 -2048 -496 ) (1376 -2048 -608 ) (1376 -2176 -608 ) (1376 -2176 -496 ) 
4 104 109 (1376 -2048 -832 ) (1376 -2752 -832 ) (1376 -2752 -624 ) (1376 -2048 -624 ) 
4 105 106 (1344 -2048 -608 ) (1344 -2176 -608 ) (1344 -2176 -496 ) (1344 -2048 -496 ) 
4 106 112 (1024 -2048 -575 ) (1024 -2048 -608 ) (1024 -2768 -608 ) (1024 -2768 -575 ) 
4 106 111 (1024 -2048 -320 ) (1024 -2048 -575 ) (1024 -2768 -575 ) (1024 -2768 -320 ) 
4 106 107 (1344 -2768 -575 ) (1344 -2768 -320 ) (1024 -2768 -320 ) (1024 -2768 -575 ) 
4 106 108 (1024 -2768 -608 ) (1344 -2768 -608 ) (1344 -2768 -576 ) (1024 -2768 -576 ) 
4 107 111 (1024 -2784 -575 ) (1024 -2784 -320 ) (1024 -2768 -320 ) (1024 -2768 -575 ) 
4 107 110 (1344 -2784 -320 ) (1024 -2784 -320 ) (1024 -2784 -575 ) (1344 -2784 -575 ) 
4 108 113 (1024 -2768 -608 ) (1024 -2784 -608 ) (1024 -2784 -576 ) (1024 -2768 -576 ) 
4 108 110 (1024 -2784 -576 ) (1024 -2784 -608 ) (1344 -2784 -608 ) (1344 -2784 -576 ) 
4 109 119 (1024 -2048 -624 ) (1024 -2048 -832 ) (1024 -2752 -832 ) (1024 -2752 -624 ) 
4 110 242 (2048 -3072 -832 ) (2048 -3072 -320 ) (1024 -3072 -320 ) (1024 -3072 -832 ) 
4 110 120 (1024 -2784 -832 ) (1024 -3072 -832 ) (1024 -3072 -608 ) (1024 -2784 -608 ) 
4 110 114 (1024 -3072 -608 ) (1024 -3072 -575 ) (1024 -2784 -575 ) (1024 -2784 -608 ) 
4 110 111 (1024 -3072 -575 ) (1024 -3072 -320 ) (1024 -2784 -320 ) (1024 -2784 -575 ) 
4 111 243 (1024 -3072 -575 ) (1024 -3072 0 ) (960 -3072 0 ) (960 -3072 -575 ) 
4 111 136 (960 -3072 -575 ) (960 -3072 0 ) (960 -2256 0 ) (960 -2256 -575 ) 
4 111 126 (960 -2240 -575 ) (960 -2256 -575 ) (960 -2256 -480 ) (960 -2240 -480 ) 
4 111 125 (960 -2048 -480 ) (960 -2048 -575 ) (960 -2240 -575 ) (960 -2240 -480 ) 
4 111 124 (960 -2256 0 ) (960 -2048 0 ) (960 -2048 -448 ) (960 -2256 -448 ) 
4 111 118 (960 -3072 -575 ) (960 -2784 -575 ) (976 -2784 -575 ) (976 -3072 -575 ) 
4 111 115 (960 -2240 -575 ) (960 -2048 -575 ) (976 -2048 -575 ) (976 -2240 -575 ) 
4 111 112 (976 -2048 -575 ) (1024 -2048 -575 ) (1024 -2768 -575 ) (976 -2768 -575 ) 
4 111 114 (1024 -2784 -575 ) (1024 -3072 -575 ) (976 -3072 -575 ) (976 -2784 -575 ) 
4 112 117 (976 -2256 -608 ) (976 -2768 -608 ) (976 -2768 -576 ) (976 -2256 -576 ) 
4 112 116 (976 -2240 -608 ) (976 -2256 -608 ) (976 -2256 -576 ) (976 -2240 -576 ) 
4 112 115 (976 -2048 -608 ) (976 -2240 -608 ) (976 -2240 -575 ) (976 -2048 -575 ) 
4 112 113 (976 -2768 -576 ) (976 -2768 -608 ) (1024 -2768 -608 ) (1024 -2768 -576 ) 
4 113 117 (976 -2768 -608 ) (976 -2784 -608 ) (976 -2784 -576 ) (976 -2768 -576 ) 
4 113 114 (976 -2784 -576 ) (976 -2784 -608 ) (1024 -2784 -608 ) (1024 -2784 -576 ) 
4 114 243 (1024 -3072 -608 ) (1024 -3072 -575 ) (976 -3072 -575 ) (976 -3072 -608 ) 
4 114 123 (992 -3072 -608 ) (976 -3072 -608 ) (976 -2784 -608 ) (992 -2784 -608 ) 
4 114 120 (1024 -3072 -608 ) (992 -3072 -608 ) (992 -2784 -608 ) (1024 -2784 -608 ) 
4 114 118 (976 -2784 -608 ) (976 -3072 -608 ) (976 -3072 -575 ) (976 -2784 -575 ) 
4 115 125 (960 -2240 -575 ) (960 -2048 -575 ) (960 -2048 -608 ) (960 -2240 -608 ) 
4 115 116 (960 -2240 -608 ) (976 -2240 -608 ) (976 -2240 -576 ) (960 -2240 -576 ) 
4 116 127 (960 -2240 -576 ) (960 -2240 -608 ) (960 -2256 -608 ) (960 -2256 -576 ) 
4 116 117 (960 -2256 -608 ) (976 -2256 -608 ) (976 -2256 -576 ) (960 -2256 -576 ) 
4 117 136 (960 -2256 -576 ) (960 -2256 -608 ) (960 -2784 -608 ) (960 -2784 -576 ) 
4 117 118 (960 -2784 -608 ) (976 -2784 -608 ) (976 -2784 -576 ) (960 -2784 -576 ) 
4 118 243 (976 -3072 -575 ) (960 -3072 -575 ) (960 -3072 -608 ) (976 -3072 -608 ) 
4 118 136 (960 -3072 -608 ) (960 -3072 -575 ) (960 -2784 -575 ) (960 -2784 -608 ) 
4 118 123 (976 -3072 -608 ) (960 -3072 -608 ) (960 -2784 -608 ) (976 -2784 -608 ) 
4 119 122 (992 -2416 -832 ) (992 -2544 -832 ) (992 -2544 -736 ) (992 -2416 -736 ) 
4 119 121 (992 -2048 -832 ) (992 -2064 -832 ) (992 -2064 -736 ) (992 -2048 -736 ) 
4 120 243 (1024 -3072 -832 ) (1024 -3072 -608 ) (992 -3072 -608 ) (992 -3072 -832 ) 
4 120 123 (992 -2784 -832 ) (992 -3072 -832 ) (992 -3072 -608 ) (992 -2784 -608 ) 
4 121 135 (960 -2048 -832 ) (960 -2064 -832 ) (960 -2064 -784 ) (960 -2048 -784 ) 
4 121 130 (960 -2064 -784 ) (960 -2064 -736 ) (960 -2048 -736 ) (960 -2048 -784 ) 
4 122 137 (960 -2416 -832 ) (960 -2544 -832 ) (960 -2544 -800 ) (960 -2416 -800 ) 
4 122 136 (960 -2544 -800 ) (960 -2544 -736 ) (960 -2416 -736 ) (960 -2416 -800 ) 
4 123 243 (992 -3072 -608 ) (960 -3072 -608 ) (960 -3072 -832 ) (992 -3072 -832 ) 
4 123 137 (960 -2784 -832 ) (960 -3072 -832 ) (960 -3072 -800 ) (960 -2784 -800 ) 
4 123 136 (960 -3072 -800 ) (960 -3072 -608 ) (960 -2784 -608 ) (960 -2784 -800 ) 
4 124 141 (560 -2256 0 ) (480 -2256 0 ) (480 -2256 -448 ) (560 -2256 -448 ) 
4 124 136 (960 -2256 -448 ) (960 -2256 0 ) (560 -2256 0 ) (560 -2256 -448 ) 
4 124 129 (480 -2256 -448 ) (480 -2256 0 ) (480 -2048 0 ) (480 -2048 -448 ) 
4 125 126 (960 -2240 -575 ) (960 -2240 -480 ) (480 -2240 -480 ) (480 -2240 -575 ) 
4 125 127 (480 -2240 -608 ) (960 -2240 -608 ) (960 -2240 -576 ) (480 -2240 -576 ) 
4 126 141 (560 -2256 -480 ) (480 -2256 -480 ) (480 -2256 -575 ) (560 -2256 -575 ) 
4 126 136 (960 -2256 -575 ) (960 -2256 -480 ) (560 -2256 -480 ) (560 -2256 -575 ) 
4 127 141 (560 -2256 -576 ) (480 -2256 -576 ) (480 -2256 -608 ) (560 -2256 -608 ) 
4 127 136 (960 -2256 -608 ) (960 -2256 -576 ) (560 -2256 -576 ) (560 -2256 -608 ) 
4 128 130 (480 -2224 -688 ) (480 -2048 -688 ) (960 -2048 -688 ) (960 -2224 -688 ) 
4 129 170 (448 -2176 -448 ) (448 -2256 -448 ) (448 -2256 0 ) (448 -2176 0 ) 
4 129 153 (448 -2048 0 ) (448 -2048 -448 ) (448 -2176 -448 ) (448 -2176 0 ) 
4 129 142 (448 -2256 0 ) (448 -2256 -448 ) (480 -2256 -448 ) (480 -2256 0 ) 
4 130 135 (480 -2048 -784 ) (960 -2048 -784 ) (960 -2224 -784 ) (480 -2224 -784 ) 
4 130 133 (608 -2224 -784 ) (720 -2224 -784 ) (720 -2224 -688 ) (608 -2224 -688 ) 
4 130 134 (496 -2224 -784 ) (592 -2224 -784 ) (592 -2224 -688 ) (496 -2224 -688 ) 
4 130 132 (736 -2224 -784 ) (832 -2224 -784 ) (832 -2224 -688 ) (736 -2224 -688 ) 
4 130 131 (848 -2224 -784 ) (944 -2224 -784 ) (944 -2224 -688 ) (848 -2224 -688 ) 
4 131 136 (848 -2256 -784 ) (944 -2256 -784 ) (944 -2256 -688 ) (848 -2256 -688 ) 
4 132 136 (736 -2256 -784 ) (832 -2256 -784 ) (832 -2256 -688 ) (736 -2256 -688 ) 
4 133 136 (608 -2256 -784 ) (720 -2256 -784 ) (720 -2256 -688 ) (608 -2256 -688 ) 
4 134 141 (496 -2256 -784 ) (560 -2256 -784 ) (560 -2256 -688 ) (496 -2256 -688 ) 
4 134 136 (560 -2256 -784 ) (592 -2256 -784 ) (592 -2256 -688 ) (560 -2256 -688 ) 
4 136 243 (560 -3072 0 ) (560 -3072 -800 ) (960 -3072 -800 ) (960 -3072 0 ) 
4 136 151 (560 -2752 -800 ) (560 -3072 -800 ) (560 -3072 -792 ) (560 -2752 -792 ) 
4 136 150 (560 -2544 -800 ) (560 -2752 -800 ) (560 -2752 -792 ) (560 -2544 -792 ) 
3 136 148 (560 -2686.580078 -792 ) (560 -2748.292236 -792 ) (560 -2714.060791 -660.079773 ) 
5 136 147 (560 -2544 -4.702420 ) (560 -2544 -759.470032 ) (560 -2551.017578 -792 ) (560 -2686.580078 -792 ) (560 -2714.060791 -660.079773 ) 
3 136 146 (560 -2544 -759.470032 ) (560 -2544 -792 ) (560 -2551.017578 -792 ) 
5 136 145 (560 -3072 -792 ) (560 -3072 0 ) (560 -2544 0 ) (560 -2544 -4.702420 ) (560 -2748.292236 -792 ) 
4 136 143 (560 -2336 -800 ) (560 -2544 -800 ) (560 -2544 0 ) (560 -2336 0 ) 
4 136 141 (560 -2256 0 ) (560 -2256 -800 ) (560 -2336 -800 ) (560 -2336 0 ) 
4 136 140 (560 -3072 -800 ) (560 -2784 -800 ) (592 -2784 -800 ) (592 -3072 -800 ) 
4 136 139 (584 -2544 -800 ) (592 -2544 -800 ) (592 -2752 -800 ) (584 -2752 -800 ) 
4 136 138 (560 -2512 -800 ) (560 -2256 -800 ) (592 -2256 -800 ) (592 -2512 -800 ) 
4 136 137 (592 -2256 -800 ) (960 -2256 -800 ) (960 -3072 -800 ) (592 -3072 -800 ) 
4 137 243 (592 -3072 -832 ) (960 -3072 -832 ) (960 -3072 -800 ) (592 -3072 -800 ) 
4 137 140 (592 -3072 -800 ) (592 -2784 -800 ) (592 -2784 -832 ) (592 -3072 -832 ) 
4 137 139 (592 -2752 -800 ) (592 -2544 -800 ) (592 -2544 -832 ) (592 -2752 -832 ) 
4 137 138 (592 -2512 -800 ) (592 -2256 -800 ) (592 -2256 -832 ) (592 -2512 -832 ) 
4 138 144 (560 -2336 -832 ) (560 -2512 -832 ) (560 -2512 -800 ) (560 -2336 -800 ) 
4 138 141 (560 -2256 -800 ) (560 -2256 -832 ) (560 -2336 -832 ) (560 -2336 -800 ) 
4 140 243 (560 -3072 -800 ) (560 -3072 -832 ) (592 -3072 -832 ) (592 -3072 -800 ) 
4 140 152 (560 -2784 -832 ) (560 -3072 -832 ) (560 -3072 -800 ) (560 -2784 -800 ) 
4 141 144 (560 -2336 -832 ) (560 -2336 -800 ) (480 -2336 -800 ) (480 -2336 -832 ) 
4 141 143 (560 -2336 -800 ) (560 -2336 0 ) (480 -2336 0 ) (480 -2336 -800 ) 
4 141 142 (480 -2336 -448 ) (480 -2336 0 ) (480 -2256 0 ) (480 -2256 -448 ) 
4 142 170 (448 -2336 -448 ) (448 -2336 0 ) (448 -2256 0 ) (448 -2256 -448 ) 
4 142 143 (480 -2336 0 ) (448 -2336 0 ) (448 -2336 -448 ) (480 -2336 -448 ) 
4 143 181 (448 -2544 -792 ) (448 -2544 -480 ) (448 -2336 -480 ) (448 -2336 -792 ) 
4 143 187 (448 -2544 -800 ) (448 -2544 -792 ) (448 -2336 -792 ) (448 -2336 -800 ) 
4 143 171 (448 -2544 -480 ) (448 -2544 -448 ) (448 -2336 -448 ) (448 -2336 -480 ) 
4 143 170 (448 -2544 -448 ) (448 -2544 0 ) (448 -2336 0 ) (448 -2336 -448 ) 
4 143 150 (560 -2544 -800 ) (560 -2544 -792 ) (448 -2544 -792 ) (448 -2544 -800 ) 
3 143 147 (560 -2544 -759.469971 ) (560 -2544 -4.702393 ) (450.846741 -2544 -262.443787 ) 
5 143 146 (560 -2544 -792 ) (560 -2544 -759.469971 ) (450.846741 -2544 -262.443787 ) (448 -2544 -269.165771 ) (448 -2544 -792 ) 
4 143 145 (560 -2544 -4.702393 ) (560 -2544 0 ) (448 -2544 0 ) (448 -2544 -269.165771 ) 
4 143 144 (448 -2520 -800 ) (448 -2336 -800 ) (560 -2336 -800 ) (560 -2520 -800 ) 
4 144 193 (448 -2336 -832 ) (448 -2512 -832 ) (448 -2520 -800 ) (448 -2336 -800 ) 
4 145 243 (448 -3072 0 ) (448 -3072 -792 ) (560 -3072 -792 ) (560 -3072 0 ) 
3 145 186 (448 -2637.697998 -630.257690 ) (448 -2647.050781 -666.300842 ) (448 -2640.175293 -633.303284 ) 
4 145 185 (448 -2624.901123 -559.996582 ) (448 -2622.480957 -571.614502 ) (448 -2637.697998 -630.257690 ) (448 -2640.175293 -633.303284 ) 
6 145 184 (448 -3072 -792 ) (448 -3072 -480 ) (448 -2641.565674 -480 ) (448 -2624.901123 -559.996582 ) (448 -2647.050781 -666.300842 ) (448 -2679.667969 -792 ) 
4 145 182 (448 -2641.565674 -480 ) (448 -2629.365234 -480 ) (448 -2615.713135 -545.532593 ) (448 -2622.480957 -571.614502 ) 
3 145 181 (448 -2629.365234 -480 ) (448 -2598.708496 -480 ) (448 -2615.713135 -545.532593 ) 
4 145 171 (448 -3072 -480 ) (448 -3072 -448 ) (448 -2590.405029 -448 ) (448 -2598.708496 -480 ) 
5 145 170 (448 -3072 -448 ) (448 -3072 0 ) (448 -2544 0 ) (448 -2544 -269.165771 ) (448 -2590.405029 -448 ) 
4 145 151 (448 -3072 -792 ) (448 -2752 -792 ) (560 -2752 -792 ) (560 -3072 -792 ) 
4 145 150 (448 -2752 -792 ) (448 -2679.667969 -792 ) (560 -2748.292236 -792 ) (560 -2752 -792 ) 
5 145 148 (560 -2748.292969 -792 ) (504.151672 -2714.073486 -792 ) (448 -2637.697754 -630.257263 ) (448 -2622.480957 -571.615295 ) (560 -2714.061035 -660.078918 ) 
5 145 147 (448 -2622.480957 -571.615295 ) (448 -2569.185303 -366.227081 ) (450.847443 -2544 -262.445923 ) (560 -2544 -4.705872 ) (560 -2714.061035 -660.078918 ) 
3 145 146 (448 -2569.185303 -366.227081 ) (448 -2544 -269.169556 ) (450.847443 -2544 -262.445923 ) 
4 146 182 (448 -2564.368408 -792 ) (448 -2576.571533 -792 ) (448 -2618.065186 -592.812500 ) (448 -2611.858154 -564.039063 ) 
5 146 181 (448 -2544 -480 ) (448 -2544 -792 ) (448 -2564.368408 -792 ) (448 -2611.858154 -564.039063 ) (448 -2593.728760 -480 ) 
4 146 171 (448 -2544 -448 ) (448 -2544 -480 ) (448 -2593.728760 -480 ) (448 -2586.825439 -448 ) 
4 146 170 (448 -2544 -269.165771 ) (448 -2544 -448 ) (448 -2586.825439 -448 ) (448 -2569.180176 -366.204681 ) 
5 146 150 (448 -2576.571533 -792 ) (448 -2544 -792 ) (560 -2544 -792 ) (560 -2551.017578 -792 ) (490.994507 -2618.801514 -792 ) 
7 146 147 (450.845947 -2544 -262.425781 ) (448 -2569.173096 -366.157776 ) (448 -2618.066650 -592.806274 ) (456.617798 -2618.214111 -632.731384 ) (495.965027 -2613.921387 -792 ) (560 -2551.020020 -792 ) (560 -2544 -759.458496 ) 
4 147 182 (448 -2622.480957 -571.614380 ) (448 -2615.713379 -545.533081 ) (448 -2611.858154 -564.039063 ) (448 -2618.065186 -592.812500 ) 
4 147 181 (448 -2615.713379 -545.533081 ) (448 -2598.708496 -480 ) (448 -2593.728760 -480 ) (448 -2611.858154 -564.039063 ) 
4 147 171 (448 -2598.708496 -480 ) (448 -2590.405029 -448 ) (448 -2586.825439 -448 ) (448 -2593.728760 -480 ) 
3 147 170 (448 -2590.405029 -448 ) (448 -2569.180176 -366.204681 ) (448 -2586.825439 -448 ) 
4 147 150 (495.964111 -2613.919922 -792 ) (560 -2551.017578 -792 ) (560 -2686.580078 -792 ) (508.937012 -2636.425049 -792 ) 
4 147 149 (458.307526 -2618.799072 -637.882202 ) (508.934265 -2636.420410 -792 ) (546.060242 -2672.885742 -792 ) (453.059753 -2618.799316 -613.137085 ) 
6 147 148 (453.059753 -2618.799316 -613.137085 ) (546.060242 -2672.885742 -792 ) (560 -2686.577393 -792 ) (560 -2714.058838 -660.076111 ) (448 -2622.480225 -571.610535 ) (448 -2618.799316 -589.281067 ) 
4 148 185 (448 -2637.697998 -630.257690 ) (448 -2622.480957 -571.614380 ) (448 -2618.800049 -589.284851 ) (448 -2623.769287 -613.133728 ) 
4 148 150 (546.058960 -2672.886963 -792 ) (560 -2686.580078 -792 ) (560 -2748.292236 -792 ) (504.151917 -2714.073242 -792 ) 
4 148 149 (453.056610 -2618.800781 -613.130554 ) (546.060059 -2672.889160 -792 ) (535.779785 -2682.991211 -792 ) (452.260193 -2619.583252 -613.130554 ) 
3 149 150 (508.937012 -2636.425049 -792 ) (546.058960 -2672.886963 -792 ) (535.779053 -2682.989990 -792 ) 
4 150 194 (448 -2544 -832 ) (448 -2752 -832 ) (448 -2752 -800 ) (448 -2544 -800 ) 
4 150 187 (448 -2752 -800 ) (448 -2752 -792 ) (448 -2544 -792 ) (448 -2544 -800 ) 
4 150 151 (560 -2752 -800 ) (560 -2752 -792 ) (448 -2752 -792 ) (448 -2752 -800 ) 
4 151 243 (448 -3072 -792 ) (448 -3072 -800 ) (560 -3072 -800 ) (560 -3072 -792 ) 
4 151 187 (448 -3072 -800 ) (448 -3072 -792 ) (448 -2752 -792 ) (448 -2752 -800 ) 
4 151 152 (448 -3072 -800 ) (448 -2776 -800 ) (560 -2776 -800 ) (560 -3072 -800 ) 
4 152 243 (448 -3072 -800 ) (448 -3072 -832 ) (560 -3072 -832 ) (560 -3072 -800 ) 
4 152 195 (448 -2784 -832 ) (448 -3072 -832 ) (448 -3072 -800 ) (448 -2776 -800 ) 
4 153 196 (352 -2048 0 ) (352 -2048 -448 ) (352 -2176 -448 ) (352 -2176 0 ) 
4 153 170 (352 -2176 0 ) (352 -2176 -448 ) (448 -2176 -448 ) (448 -2176 0 ) 
4 154 155 (448 -2064 -670 ) (448 -2064 -480 ) (352 -2064 -480 ) (352 -2064 -670 ) 
4 155 172 (352 -2176 -480 ) (352 -2176 -680 ) (448 -2176 -680 ) (448 -2176 -480 ) 
4 155 158 (352 -2096 -680 ) (352 -2080 -680 ) (448 -2080 -680 ) (448 -2096 -680 ) 
4 155 159 (448 -2176 -680 ) (352 -2176 -680 ) (352 -2096 -680 ) (448 -2096 -680 ) 
4 156 160 (352 -2064 -700 ) (352 -2048 -700 ) (448 -2048 -700 ) (448 -2064 -700 ) 
4 156 157 (352 -2064 -700 ) (448 -2064 -700 ) (448 -2064 -690 ) (352 -2064 -690 ) 
4 157 160 (352 -2080 -700 ) (352 -2064 -700 ) (448 -2064 -700 ) (448 -2080 -700 ) 
4 158 159 (448 -2096 -690 ) (448 -2096 -680 ) (352 -2096 -680 ) (352 -2096 -690 ) 
4 159 172 (352 -2176 -680 ) (352 -2176 -700 ) (448 -2176 -700 ) (448 -2176 -680 ) 
4 159 168 (448 -2176 -700 ) (352 -2176 -700 ) (352 -2160 -700 ) (448 -2160 -700 ) 
4 159 166 (352 -2160 -700 ) (352 -2144 -700 ) (448 -2144 -700 ) (448 -2160 -700 ) 
4 159 164 (352 -2144 -700 ) (352 -2128 -700 ) (448 -2128 -700 ) (448 -2144 -700 ) 
4 159 162 (352 -2128 -700 ) (352 -2112 -700 ) (448 -2112 -700 ) (448 -2128 -700 ) 
4 160 188 (352 -2096 -800 ) (352 -2048 -800 ) (448 -2048 -800 ) (448 -2096 -800 ) 
4 160 161 (352 -2096 -800 ) (448 -2096 -800 ) (448 -2096 -710 ) (352 -2096 -710 ) 
4 161 188 (352 -2112 -800 ) (352 -2096 -800 ) (448 -2096 -800 ) (448 -2112 -800 ) 
4 161 163 (352 -2112 -800 ) (448 -2112 -800 ) (448 -2112 -720 ) (352 -2112 -720 ) 
4 162 164 (448 -2128 -710 ) (448 -2128 -700 ) (352 -2128 -700 ) (352 -2128 -710 ) 
4 163 188 (352 -2128 -800 ) (352 -2112 -800 ) (448 -2112 -800 ) (448 -2128 -800 ) 
4 163 165 (352 -2128 -800 ) (448 -2128 -800 ) (448 -2128 -730 ) (352 -2128 -730 ) 
4 164 166 (448 -2144 -720 ) (448 -2144 -700 ) (352 -2144 -700 ) (352 -2144 -720 ) 
4 165 188 (352 -2144 -800 ) (352 -2128 -800 ) (448 -2128 -800 ) (448 -2144 -800 ) 
4 165 167 (352 -2144 -800 ) (448 -2144 -800 ) (448 -2144 -740 ) (352 -2144 -740 ) 
4 166 168 (448 -2160 -730 ) (448 -2160 -700 ) (352 -2160 -700 ) (352 -2160 -730 ) 
4 167 188 (352 -2160 -800 ) (352 -2144 -800 ) (448 -2144 -800 ) (448 -2160 -800 ) 
4 167 169 (352 -2160 -800 ) (448 -2160 -800 ) (448 -2160 -750 ) (352 -2160 -750 ) 
4 168 172 (352 -2176 -700 ) (352 -2176 -740 ) (448 -2176 -740 ) (448 -2176 -700 ) 
4 169 188 (352 -2176 -800 ) (352 -2160 -800 ) (448 -2160 -800 ) (448 -2176 -800 ) 
4 169 173 (352 -2176 -760 ) (352 -2176 -800 ) (448 -2176 -800 ) (448 -2176 -760 ) 
4 170 243 (352 -3072 0 ) (352 -3072 -448 ) (448 -3072 -448 ) (448 -3072 0 ) 
4 170 228 (352 -3072 -448 ) (352 -3072 0 ) (352 -2750 0 ) (352 -2750 -448 ) 
4 170 202 (352 -2750 0 ) (352 -2670 0 ) (352 -2670 -448 ) (352 -2750 -448 ) 
4 170 200 (352 -2670 0 ) (352 -2544 0 ) (352 -2544 -448 ) (352 -2670 -448 ) 
4 170 196 (352 -2544 0 ) (352 -2176 0 ) (352 -2176 -448 ) (352 -2544 -448 ) 
4 170 171 (352 -3072 -448 ) (352 -2304 -448 ) (448 -2304 -448 ) (448 -3072 -448 ) 
4 171 243 (352 -3072 -448 ) (352 -3072 -480 ) (448 -3072 -480 ) (448 -3072 -448 ) 
4 171 228 (352 -3072 -480 ) (352 -3072 -448 ) (352 -2750 -448 ) (352 -2750 -480 ) 
4 171 202 (352 -2750 -448 ) (352 -2670 -448 ) (352 -2670 -480 ) (352 -2750 -480 ) 
4 171 200 (352 -2670 -448 ) (352 -2544 -448 ) (352 -2544 -480 ) (352 -2670 -480 ) 
4 171 198 (352 -2544 -448 ) (352 -2512 -448 ) (352 -2512 -480 ) (352 -2544 -480 ) 
4 171 197 (352 -2512 -448 ) (352 -2336 -448 ) (352 -2336 -480 ) (352 -2512 -480 ) 
5 171 184 (352 -3072 -480 ) (352 -2723.658447 -480 ) (441.789429 -2635.465576 -480 ) (448 -2641.565674 -480 ) (448 -3072 -480 ) 
3 171 182 (441.789429 -2635.465576 -480 ) (448 -2629.365479 -480 ) (448 -2641.565674 -480 ) 
4 171 181 (352 -2723.658447 -480 ) (352 -2304 -480 ) (448 -2304 -480 ) (448 -2629.365479 -480 ) 
4 172 174 (448 -2192 -750 ) (448 -2192 -480 ) (352 -2192 -480 ) (352 -2192 -750 ) 
4 173 188 (352 -2192 -800 ) (352 -2176 -800 ) (448 -2176 -800 ) (448 -2192 -800 ) 
4 173 175 (352 -2192 -800 ) (448 -2192 -800 ) (448 -2192 -770 ) (352 -2192 -770 ) 
4 174 176 (448 -2208 -760 ) (448 -2208 -480 ) (352 -2208 -480 ) (352 -2208 -760 ) 
4 175 188 (352 -2208 -800 ) (352 -2192 -800 ) (448 -2192 -800 ) (448 -2208 -800 ) 
4 175 177 (352 -2208 -800 ) (448 -2208 -800 ) (448 -2208 -780 ) (352 -2208 -780 ) 
4 176 178 (448 -2224 -770 ) (448 -2224 -480 ) (352 -2224 -480 ) (352 -2224 -770 ) 
4 177 188 (352 -2224 -800 ) (352 -2208 -800 ) (448 -2208 -800 ) (448 -2224 -800 ) 
4 177 179 (352 -2224 -800 ) (448 -2224 -800 ) (448 -2224 -790 ) (352 -2224 -790 ) 
4 178 180 (448 -2240 -780 ) (448 -2240 -480 ) (352 -2240 -480 ) (352 -2240 -780 ) 
4 179 188 (352 -2240 -800 ) (352 -2224 -800 ) (448 -2224 -800 ) (448 -2240 -800 ) 
4 180 181 (448 -2256 -790 ) (448 -2256 -480 ) (352 -2256 -480 ) (352 -2256 -790 ) 
3 181 208 (352 -2670 -730 ) (352 -2670 -737.573303 ) (352 -2671.577637 -730 ) 
4 181 204 (352 -2670 -710 ) (352 -2670 -730 ) (352 -2671.577637 -730 ) (352 -2675.744141 -710 ) 
4 181 202 (352 -2723.658691 -480 ) (352 -2670 -480 ) (352 -2670 -710 ) (352 -2675.744141 -710 ) 
5 181 200 (352 -2670 -480 ) (352 -2544 -480 ) (352 -2544 -792 ) (352 -2658.661621 -792 ) (352 -2670 -737.573303 ) 
4 181 198 (352 -2544 -480 ) (352 -2512 -480 ) (352 -2512 -792 ) (352 -2544 -792 ) 
4 181 197 (352 -2512 -480 ) (352 -2336 -480 ) (352 -2336 -792 ) (352 -2512 -792 ) 
5 181 184 (441.788239 -2618.799316 -560 ) (441.788544 -2635.464844 -480 ) (352 -2723.656738 -480 ) (352 -2706.154053 -564.017517 ) (440.932434 -2618.799316 -564.034485 ) 
4 181 183 (352 -2658.660156 -792 ) (392.582428 -2618.799316 -792 ) (440.932434 -2618.799316 -564.034485 ) (352 -2706.154053 -564.017517 ) 
4 181 182 (441.787415 -2570.469238 -792 ) (448 -2564.367188 -792 ) (448 -2629.363770 -480 ) (441.788544 -2635.464844 -480 ) 
4 181 187 (352 -2658.661621 -792 ) (352 -2256 -792 ) (448 -2256 -792 ) (448 -2564.368652 -792 ) 
4 182 185 (441.791565 -2618.802490 -560 ) (441.791565 -2618.800049 -560.010742 ) (448 -2618.800293 -589.284729 ) (448 -2624.901367 -559.997498 ) 
4 182 184 (441.791901 -2635.467773 -480 ) (441.791565 -2618.802490 -560 ) (448 -2624.901367 -559.997498 ) (448 -2641.566406 -480 ) 
3 182 187 (441.788116 -2570.469971 -792 ) (448 -2564.368652 -792 ) (448 -2576.571533 -792 ) 
3 183 228 (352 -2750 -792 ) (352 -2755.335205 -792 ) (352 -2750 -767.268433 ) 
4 183 216 (352 -2670 -770 ) (352 -2670 -792 ) (352 -2750 -792 ) (352 -2750 -770 ) 
6 183 208 (352 -2671.577637 -730 ) (352 -2670 -737.573242 ) (352 -2670 -770 ) (352 -2750 -770 ) (352 -2750 -767.268433 ) (352 -2741.960205 -730 ) 
4 183 204 (352 -2675.744141 -710 ) (352 -2671.577637 -730 ) (352 -2741.960205 -730 ) (352 -2737.645752 -710 ) 
3 183 202 (352 -2706.154785 -564.022217 ) (352 -2675.744141 -710 ) (352 -2737.645752 -710 ) 
3 183 200 (352 -2670 -737.573242 ) (352 -2658.661621 -792 ) (352 -2670 -792 ) 
5 183 184 (352 -2755.339844 -792 ) (436.320709 -2672.511719 -792 ) (441.131012 -2629.954102 -616.633667 ) (440.933624 -2618.800537 -564.034973 ) (352 -2706.156250 -564.018677 ) 
4 183 187 (352 -2755.335205 -792 ) (352 -2658.661621 -792 ) (392.583130 -2618.800049 -792 ) (441.786926 -2667.137939 -792 ) 
4 184 243 (352 -3072 -480 ) (352 -3072 -792 ) (448 -3072 -792 ) (448 -3072 -480 ) 
5 184 228 (352 -3072 -792 ) (352 -3072 -480 ) (352 -2750 -480 ) (352 -2750 -767.268433 ) (352 -2755.335205 -792 ) 
3 184 208 (352 -2741.960205 -730 ) (352 -2750 -767.268433 ) (352 -2750 -730 ) 
4 184 204 (352 -2737.645752 -710 ) (352 -2741.960205 -730 ) (352 -2750 -730 ) (352 -2750 -710 ) 
5 184 202 (352 -2750 -480 ) (352 -2723.658691 -480 ) (352 -2706.154785 -564.022217 ) (352 -2737.645752 -710 ) (352 -2750 -710 ) 
4 184 186 (441.789063 -2629.870605 -613.130127 ) (448 -2640.175781 -633.303955 ) (448 -2647.052490 -666.307068 ) (441.788940 -2631.592041 -621.392761 ) 
4 184 185 (441.789032 -2618.800293 -560 ) (448 -2624.901367 -559.996948 ) (448 -2640.175781 -633.303955 ) (441.789063 -2629.870605 -613.130127 ) 
5 184 187 (352 -3072 -792 ) (352 -2755.335205 -792 ) (436.318024 -2672.510010 -792 ) (448 -2679.667969 -792 ) (448 -3072 -792 ) 
4 185 186 (448 -2640.177490 -633.300293 ) (441.787689 -2629.870117 -613.122131 ) (442.054077 -2629.608398 -613.122314 ) (448 -2637.695801 -630.249207 ) 
4 187 243 (352 -3072 -792 ) (352 -3072 -800 ) (448 -3072 -800 ) (448 -3072 -792 ) 
4 187 228 (352 -3072 -800 ) (352 -3072 -792 ) (352 -2750 -792 ) (352 -2750 -800 ) 
4 187 216 (352 -2750 -792 ) (352 -2670 -792 ) (352 -2670 -800 ) (352 -2750 -800 ) 
4 187 200 (352 -2670 -792 ) (352 -2544 -792 ) (352 -2544 -800 ) (352 -2670 -800 ) 
4 187 198 (352 -2544 -792 ) (352 -2512 -792 ) (352 -2512 -800 ) (352 -2544 -800 ) 
4 187 197 (352 -2512 -792 ) (352 -2336 -792 ) (352 -2336 -800 ) (352 -2512 -800 ) 
4 187 195 (352 -3072 -800 ) (352 -2776 -800 ) (448 -2776 -800 ) (448 -3072 -800 ) 
4 187 193 (352 -2520 -800 ) (352 -2304 -800 ) (448 -2304 -800 ) (448 -2520 -800 ) 
4 187 194 (352 -2752 -800 ) (352 -2544 -800 ) (448 -2544 -800 ) (448 -2752 -800 ) 
4 187 192 (352 -2304 -800 ) (352 -2288 -800 ) (448 -2288 -800 ) (448 -2304 -800 ) 
4 187 190 (352 -2288 -800 ) (352 -2272 -800 ) (448 -2272 -800 ) (448 -2288 -800 ) 
4 188 189 (352 -2256 -832 ) (448 -2256 -832 ) (448 -2256 -810 ) (352 -2256 -810 ) 
4 189 191 (352 -2272 -832 ) (448 -2272 -832 ) (448 -2272 -820 ) (352 -2272 -820 ) 
4 190 192 (448 -2288 -810 ) (448 -2288 -800 ) (352 -2288 -800 ) (352 -2288 -810 ) 
4 192 193 (448 -2304 -820 ) (448 -2304 -800 ) (352 -2304 -800 ) (352 -2304 -820 ) 
4 193 197 (352 -2512 -800 ) (352 -2336 -800 ) (352 -2336 -832 ) (352 -2512 -832 ) 
4 195 243 (352 -3072 -800 ) (352 -3072 -832 ) (448 -3072 -832 ) (448 -3072 -800 ) 
4 195 230 (352 -3072 -832 ) (352 -3072 -800 ) (352 -2784 -800 ) (352 -2784 -832 ) 
4 196 244 (0 -2048 0 ) (0 -2048 -448 ) (0 -2544 -448 ) (0 -2544 0 ) 
4 196 200 (352 -2544 -448 ) (352 -2544 0 ) (0 -2544 0 ) (0 -2544 -448 ) 
4 196 198 (352 -2544 -448 ) (320 -2544 -448 ) (320 -2512 -448 ) (352 -2512 -448 ) 
4 196 197 (320 -2512 -448 ) (320 -2336 -448 ) (352 -2336 -448 ) (352 -2512 -448 ) 
4 196 199 (320 -2544 -448 ) (0 -2544 -448 ) (0 -2048 -448 ) (320 -2048 -448 ) 
4 197 198 (320 -2512 -448 ) (320 -2512 -800 ) (352 -2512 -800 ) (352 -2512 -448 ) 
4 197 199 (320 -2336 -832 ) (320 -2512 -832 ) (320 -2512 -448 ) (320 -2336 -448 ) 
4 198 200 (352 -2544 -800 ) (352 -2544 -448 ) (320 -2544 -448 ) (320 -2544 -800 ) 
4 198 199 (320 -2544 -800 ) (320 -2544 -448 ) (320 -2512 -448 ) (320 -2512 -800 ) 
4 199 244 (0 -2048 -448 ) (0 -2048 -832 ) (0 -2544 -832 ) (0 -2544 -448 ) 
4 199 201 (0 -2544 -832 ) (320 -2544 -832 ) (320 -2544 -800 ) (0 -2544 -800 ) 
4 199 200 (320 -2544 -800 ) (320 -2544 -448 ) (0 -2544 -448 ) (0 -2544 -800 ) 
4 200 244 (0 -2670 -800 ) (0 -2670 0 ) (0 -2544 0 ) (0 -2544 -800 ) 
4 200 220 (106 -2670 -780 ) (106 -2670 -800 ) (122 -2670 -800 ) (122 -2670 -780 ) 
4 200 221 (106 -2670 -770 ) (0 -2670 -770 ) (0 -2670 -800 ) (106 -2670 -800 ) 
4 200 218 (138 -2670 -770 ) (122 -2670 -770 ) (122 -2670 -780 ) (138 -2670 -780 ) 
4 200 219 (122 -2670 -790 ) (122 -2670 -800 ) (138 -2670 -800 ) (138 -2670 -790 ) 
4 200 217 (154 -2670 -770 ) (138 -2670 -770 ) (138 -2670 -790 ) (154 -2670 -790 ) 
4 200 216 (352 -2670 -800 ) (352 -2670 -770 ) (154 -2670 -770 ) (154 -2670 -800 ) 
4 200 214 (42 -2670 -740 ) (42 -2670 -770 ) (58 -2670 -770 ) (58 -2670 -740 ) 
4 200 215 (42 -2670 -730 ) (0 -2670 -730 ) (0 -2670 -770 ) (42 -2670 -770 ) 
4 200 212 (74 -2670 -730 ) (58 -2670 -730 ) (58 -2670 -740 ) (74 -2670 -740 ) 
4 200 213 (58 -2670 -750 ) (58 -2670 -770 ) (74 -2670 -770 ) (74 -2670 -750 ) 
4 200 210 (90 -2670 -730 ) (74 -2670 -730 ) (74 -2670 -750 ) (90 -2670 -750 ) 
4 200 211 (74 -2670 -760 ) (74 -2670 -770 ) (90 -2670 -770 ) (90 -2670 -760 ) 
4 200 209 (106 -2670 -730 ) (90 -2670 -730 ) (90 -2670 -760 ) (106 -2670 -760 ) 
4 200 208 (352 -2670 -770 ) (352 -2670 -730 ) (106 -2670 -730 ) (106 -2670 -770 ) 
4 200 206 (10 -2670 -720 ) (10 -2670 -730 ) (26 -2670 -730 ) (26 -2670 -720 ) 
4 200 207 (10 -2670 -710 ) (0 -2670 -710 ) (0 -2670 -730 ) (10 -2670 -730 ) 
4 200 205 (42 -2670 -710 ) (26 -2670 -710 ) (26 -2670 -720 ) (42 -2670 -720 ) 
4 200 204 (352 -2670 -730 ) (352 -2670 -710 ) (42 -2670 -710 ) (42 -2670 -730 ) 
4 200 203 (10 -2670 0 ) (0 -2670 0 ) (0 -2670 -700 ) (10 -2670 -700 ) 
4 200 202 (352 -2670 -710 ) (352 -2670 0 ) (10 -2670 0 ) (10 -2670 -710 ) 
4 200 201 (328 -2670 -800 ) (0 -2670 -800 ) (0 -2544 -800 ) (328 -2544 -800 ) 
4 201 244 (0 -2544 -832 ) (0 -2670 -832 ) (0 -2670 -800 ) (0 -2544 -800 ) 
4 201 226 (154 -2670 -810 ) (154 -2670 -832 ) (170 -2670 -832 ) (170 -2670 -810 ) 
4 201 227 (154 -2670 -800 ) (0 -2670 -800 ) (0 -2670 -832 ) (154 -2670 -832 ) 
4 201 224 (186 -2670 -800 ) (170 -2670 -800 ) (170 -2670 -810 ) (186 -2670 -810 ) 
4 201 225 (170 -2670 -820 ) (170 -2670 -832 ) (186 -2670 -832 ) (186 -2670 -820 ) 
4 201 223 (202 -2670 -800 ) (186 -2670 -800 ) (186 -2670 -820 ) (202 -2670 -820 ) 
4 201 222 (328 -2670 -800 ) (202 -2670 -800 ) (202 -2670 -832 ) (320 -2670 -832 ) 
4 202 228 (10 -2750 -710 ) (352 -2750 -710 ) (352 -2750 0 ) (10 -2750 0 ) 
4 202 205 (42 -2750 -710 ) (26 -2750 -710 ) (26 -2670 -710 ) (42 -2670 -710 ) 
4 202 204 (352 -2750 -710 ) (42 -2750 -710 ) (42 -2670 -710 ) (352 -2670 -710 ) 
4 202 203 (10 -2750 -700 ) (10 -2750 0 ) (10 -2670 0 ) (10 -2670 -700 ) 
4 203 259 (0 -2750 -700 ) (0 -2750 -680 ) (0 -2670 -680 ) (0 -2670 -700 ) 
4 203 252 (0 -2750 -680 ) (0 -2750 0 ) (0 -2670 0 ) (0 -2670 -680 ) 
4 203 228 (0 -2750 0 ) (0 -2750 -700 ) (10 -2750 -700 ) (10 -2750 0 ) 
4 204 228 (42 -2750 -730 ) (352 -2750 -730 ) (352 -2750 -710 ) (42 -2750 -710 ) 
4 204 212 (74 -2750 -730 ) (58 -2750 -730 ) (58 -2670 -730 ) (74 -2670 -730 ) 
4 204 210 (90 -2750 -730 ) (74 -2750 -730 ) (74 -2670 -730 ) (90 -2670 -730 ) 
4 204 209 (106 -2750 -730 ) (90 -2750 -730 ) (90 -2670 -730 ) (106 -2670 -730 ) 
4 204 208 (352 -2750 -730 ) (106 -2750 -730 ) (106 -2670 -730 ) (352 -2670 -730 ) 
4 204 205 (42 -2750 -720 ) (42 -2750 -710 ) (42 -2670 -710 ) (42 -2670 -720 ) 
4 205 228 (42 -2750 -720 ) (42 -2750 -710 ) (26 -2750 -710 ) (26 -2750 -720 ) 
4 206 228 (10 -2750 -730 ) (26 -2750 -730 ) (26 -2750 -720 ) (10 -2750 -720 ) 
4 206 215 (26 -2750 -730 ) (10 -2750 -730 ) (10 -2670 -730 ) (26 -2670 -730 ) 
4 206 207 (10 -2670 -730 ) (10 -2750 -730 ) (10 -2750 -720 ) (10 -2670 -720 ) 
4 207 260 (0 -2750 -730 ) (0 -2750 -710 ) (0 -2670 -710 ) (0 -2670 -730 ) 
4 207 228 (0 -2750 -710 ) (0 -2750 -730 ) (10 -2750 -730 ) (10 -2750 -710 ) 
4 207 215 (10 -2750 -730 ) (0 -2750 -730 ) (0 -2670 -730 ) (10 -2670 -730 ) 
4 208 228 (106 -2750 -770 ) (352 -2750 -770 ) (352 -2750 -730 ) (106 -2750 -730 ) 
4 208 218 (138 -2750 -770 ) (122 -2750 -770 ) (122 -2670 -770 ) (138 -2670 -770 ) 
4 208 217 (154 -2750 -770 ) (138 -2750 -770 ) (138 -2670 -770 ) (154 -2670 -770 ) 
4 208 216 (352 -2750 -770 ) (154 -2750 -770 ) (154 -2670 -770 ) (352 -2670 -770 ) 
4 208 209 (106 -2750 -760 ) (106 -2750 -730 ) (106 -2670 -730 ) (106 -2670 -760 ) 
4 209 228 (106 -2750 -760 ) (106 -2750 -730 ) (90 -2750 -730 ) (90 -2750 -760 ) 
4 209 210 (90 -2750 -750 ) (90 -2750 -730 ) (90 -2670 -730 ) (90 -2670 -750 ) 
4 210 228 (90 -2750 -750 ) (90 -2750 -730 ) (74 -2750 -730 ) (74 -2750 -750 ) 
4 210 212 (74 -2750 -740 ) (74 -2750 -730 ) (74 -2670 -730 ) (74 -2670 -740 ) 
4 211 228 (74 -2750 -770 ) (90 -2750 -770 ) (90 -2750 -760 ) (74 -2750 -760 ) 
4 211 221 (90 -2750 -770 ) (74 -2750 -770 ) (74 -2670 -770 ) (90 -2670 -770 ) 
4 211 213 (74 -2670 -770 ) (74 -2750 -770 ) (74 -2750 -760 ) (74 -2670 -760 ) 
4 212 228 (74 -2750 -740 ) (74 -2750 -730 ) (58 -2750 -730 ) (58 -2750 -740 ) 
4 213 228 (58 -2750 -770 ) (74 -2750 -770 ) (74 -2750 -750 ) (58 -2750 -750 ) 
4 213 221 (74 -2750 -770 ) (58 -2750 -770 ) (58 -2670 -770 ) (74 -2670 -770 ) 
4 213 214 (58 -2670 -770 ) (58 -2750 -770 ) (58 -2750 -750 ) (58 -2670 -750 ) 
4 214 228 (42 -2750 -770 ) (58 -2750 -770 ) (58 -2750 -740 ) (42 -2750 -740 ) 
4 214 221 (58 -2750 -770 ) (42 -2750 -770 ) (42 -2670 -770 ) (58 -2670 -770 ) 
4 214 215 (42 -2670 -770 ) (42 -2750 -770 ) (42 -2750 -740 ) (42 -2670 -740 ) 
4 215 260 (0 -2750 -770 ) (0 -2750 -730 ) (0 -2670 -730 ) (0 -2670 -770 ) 
4 215 228 (0 -2750 -730 ) (0 -2750 -770 ) (42 -2750 -770 ) (42 -2750 -730 ) 
4 215 221 (42 -2750 -770 ) (0 -2750 -770 ) (0 -2670 -770 ) (42 -2670 -770 ) 
4 216 228 (154 -2750 -800 ) (352 -2750 -800 ) (352 -2750 -770 ) (154 -2750 -770 ) 
4 216 224 (186 -2750 -800 ) (170 -2750 -800 ) (170 -2670 -800 ) (186 -2670 -800 ) 
4 216 223 (202 -2750 -800 ) (186 -2750 -800 ) (186 -2670 -800 ) (202 -2670 -800 ) 
4 216 222 (328 -2750 -800 ) (202 -2750 -800 ) (202 -2670 -800 ) (328 -2670 -800 ) 
4 216 217 (154 -2750 -790 ) (154 -2750 -770 ) (154 -2670 -770 ) (154 -2670 -790 ) 
4 217 228 (154 -2750 -790 ) (154 -2750 -770 ) (138 -2750 -770 ) (138 -2750 -790 ) 
4 217 218 (138 -2750 -780 ) (138 -2750 -770 ) (138 -2670 -770 ) (138 -2670 -780 ) 
4 218 228 (138 -2750 -780 ) (138 -2750 -770 ) (122 -2750 -770 ) (122 -2750 -780 ) 
4 219 228 (122 -2750 -800 ) (138 -2750 -800 ) (138 -2750 -790 ) (122 -2750 -790 ) 
4 219 227 (138 -2750 -800 ) (122 -2750 -800 ) (122 -2670 -800 ) (138 -2670 -800 ) 
4 219 220 (122 -2670 -800 ) (122 -2750 -800 ) (122 -2750 -790 ) (122 -2670 -790 ) 
4 220 228 (106 -2750 -800 ) (122 -2750 -800 ) (122 -2750 -780 ) (106 -2750 -780 ) 
4 220 227 (122 -2750 -800 ) (106 -2750 -800 ) (106 -2670 -800 ) (122 -2670 -800 ) 
4 220 221 (106 -2670 -800 ) (106 -2750 -800 ) (106 -2750 -780 ) (106 -2670 -780 ) 
4 221 260 (0 -2750 -800 ) (0 -2750 -770 ) (0 -2670 -770 ) (0 -2670 -800 ) 
4 221 228 (0 -2750 -770 ) (0 -2750 -800 ) (106 -2750 -800 ) (106 -2750 -770 ) 
4 221 227 (106 -2750 -800 ) (0 -2750 -800 ) (0 -2670 -800 ) (106 -2670 -800 ) 
4 222 229 (202 -2750 -832 ) (320 -2750 -832 ) (328 -2750 -800 ) (202 -2750 -800 ) 
4 222 223 (202 -2750 -820 ) (202 -2750 -800 ) (202 -2670 -800 ) (202 -2670 -820 ) 
4 223 229 (202 -2750 -820 ) (202 -2750 -800 ) (186 -2750 -800 ) (186 -2750 -820 ) 
4 223 224 (186 -2750 -810 ) (186 -2750 -800 ) (186 -2670 -800 ) (186 -2670 -810 ) 
4 224 229 (186 -2750 -810 ) (186 -2750 -800 ) (170 -2750 -800 ) (170 -2750 -810 ) 
4 225 229 (170 -2750 -832 ) (186 -2750 -832 ) (186 -2750 -820 ) (170 -2750 -820 ) 
4 225 226 (170 -2670 -832 ) (170 -2750 -832 ) (170 -2750 -820 ) (170 -2670 -820 ) 
4 226 229 (154 -2750 -832 ) (170 -2750 -832 ) (170 -2750 -810 ) (154 -2750 -810 ) 
4 226 227 (154 -2670 -832 ) (154 -2750 -832 ) (154 -2750 -810 ) (154 -2670 -810 ) 
4 227 260 (0 -2750 -832 ) (0 -2750 -800 ) (0 -2670 -800 ) (0 -2670 -832 ) 
4 227 240 (0 -2750 -800 ) (0 -2750 -832 ) (10 -2750 -832 ) (10 -2750 -800 ) 
4 227 238 (10 -2750 -832 ) (154 -2750 -832 ) (154 -2750 -824 ) (10 -2750 -824 ) 
4 227 234 (154 -2750 -824 ) (154 -2750 -808 ) (10 -2750 -808 ) (10 -2750 -824 ) 
4 227 232 (154 -2750 -808 ) (154 -2750 -800 ) (10 -2750 -800 ) (10 -2750 -808 ) 
4 228 266 (0 -3040 0 ) (0 -2820 0 ) (0 -2820 -800 ) (0 -3040 -800 ) 
4 228 265 (0 -2820 0 ) (0 -2750 0 ) (0 -2750 -800 ) (0 -2820 -800 ) 
4 228 267 (0 -3072 -800 ) (0 -3072 0 ) (0 -3040 0 ) (0 -3040 -800 ) 
4 228 243 (352 -3072 -800 ) (352 -3072 0 ) (0 -3072 0 ) (0 -3072 -800 ) 
4 228 240 (0 -2750 -800 ) (10 -2750 -800 ) (10 -2820 -800 ) (0 -2820 -800 ) 
4 228 241 (10 -3040 -800 ) (10 -3072 -800 ) (0 -3072 -800 ) (0 -3040 -800 ) 
4 228 232 (10 -2750 -800 ) (154 -2750 -800 ) (154 -2820 -800 ) (10 -2820 -800 ) 
4 228 233 (154 -2992 -800 ) (154 -3072 -800 ) (10 -3072 -800 ) (10 -2992 -800 ) 
4 228 230 (352 -2784 -800 ) (352 -3072 -800 ) (320 -3072 -800 ) (320 -2784 -800 ) 
4 228 231 (320 -3072 -800 ) (154 -3072 -800 ) (154 -2752 -800 ) (320 -2752 -800 ) 
4 228 229 (154 -2750 -800 ) (328 -2750 -800 ) (328 -2752 -800 ) (154 -2752 -800 ) 
4 229 238 (154 -2750 -824 ) (154 -2750 -832 ) (154 -2752 -832 ) (154 -2752 -824 ) 
4 229 234 (154 -2750 -808 ) (154 -2750 -824 ) (154 -2752 -824 ) (154 -2752 -808 ) 
4 229 232 (154 -2752 -800 ) (154 -2750 -800 ) (154 -2750 -808 ) (154 -2752 -808 ) 
4 229 231 (154 -2752 -800 ) (154 -2752 -832 ) (320 -2752 -832 ) (320 -2752 -800 ) 
4 230 243 (352 -3072 -832 ) (352 -3072 -800 ) (320 -3072 -800 ) (320 -3072 -832 ) 
4 230 231 (320 -2784 -832 ) (320 -3072 -832 ) (320 -3072 -800 ) (320 -2784 -800 ) 
4 231 243 (320 -3072 -800 ) (154 -3072 -800 ) (154 -3072 -832 ) (320 -3072 -832 ) 
4 231 238 (154 -3024 -824 ) (154 -2752 -824 ) (154 -2752 -832 ) (154 -3024 -832 ) 
4 231 239 (154 -3072 -832 ) (154 -3072 -824 ) (154 -3040 -824 ) (154 -3040 -832 ) 
4 231 236 (154 -3024 -808 ) (154 -3008 -808 ) (154 -3008 -816 ) (154 -3024 -816 ) 
4 231 237 (154 -3072 -824 ) (154 -3072 -808 ) (154 -3024 -808 ) (154 -3024 -824 ) 
4 231 235 (154 -2992 -816 ) (154 -2992 -824 ) (154 -3008 -824 ) (154 -3008 -816 ) 
4 231 234 (154 -2992 -808 ) (154 -2752 -808 ) (154 -2752 -824 ) (154 -2992 -824 ) 
4 231 232 (154 -2820 -800 ) (154 -2752 -800 ) (154 -2752 -808 ) (154 -2820 -808 ) 
4 231 233 (154 -3072 -808 ) (154 -3072 -800 ) (154 -2992 -800 ) (154 -2992 -808 ) 
4 232 240 (10 -2820 -800 ) (10 -2750 -800 ) (10 -2750 -808 ) (10 -2820 -808 ) 
4 232 234 (10 -2820 -808 ) (10 -2750 -808 ) (154 -2750 -808 ) (154 -2820 -808 ) 
4 233 243 (154 -3072 -808 ) (154 -3072 -800 ) (10 -3072 -800 ) (10 -3072 -808 ) 
4 233 241 (10 -3072 -800 ) (10 -3040 -800 ) (10 -3040 -808 ) (10 -3072 -808 ) 
4 233 236 (10 -3024 -808 ) (10 -3008 -808 ) (154 -3008 -808 ) (154 -3024 -808 ) 
4 233 237 (10 -3072 -808 ) (10 -3024 -808 ) (154 -3024 -808 ) (154 -3072 -808 ) 
4 234 240 (10 -2750 -808 ) (10 -2750 -824 ) (10 -2820 -824 ) (10 -2820 -808 ) 
4 234 238 (10 -2992 -824 ) (10 -2750 -824 ) (154 -2750 -824 ) (154 -2992 -824 ) 
4 234 235 (10 -2992 -824 ) (154 -2992 -824 ) (154 -2992 -816 ) (10 -2992 -816 ) 
4 235 238 (10 -3008 -824 ) (10 -2992 -824 ) (154 -2992 -824 ) (154 -3008 -824 ) 
4 236 237 (154 -3024 -816 ) (154 -3024 -808 ) (10 -3024 -808 ) (10 -3024 -816 ) 
4 237 243 (154 -3072 -824 ) (154 -3072 -808 ) (10 -3072 -808 ) (10 -3072 -824 ) 
4 237 241 (10 -3040 -824 ) (10 -3072 -824 ) (10 -3072 -808 ) (10 -3040 -808 ) 
4 237 239 (10 -3072 -824 ) (10 -3040 -824 ) (154 -3040 -824 ) (154 -3072 -824 ) 
4 238 240 (10 -2750 -824 ) (10 -2750 -832 ) (10 -2820 -832 ) (10 -2820 -824 ) 
4 239 243 (154 -3072 -832 ) (154 -3072 -824 ) (10 -3072 -824 ) (10 -3072 -832 ) 
4 239 241 (10 -3040 -832 ) (10 -3072 -832 ) (10 -3072 -824 ) (10 -3040 -824 ) 
4 240 265 (0 -2820 -800 ) (0 -2750 -800 ) (0 -2750 -832 ) (0 -2820 -832 ) 
4 241 267 (0 -3072 -832 ) (0 -3072 -800 ) (0 -3040 -800 ) (0 -3040 -832 ) 
4 241 243 (10 -3072 -832 ) (10 -3072 -800 ) (0 -3072 -800 ) (0 -3072 -832 ) 
4 242 243 (1024 -3904 0 ) (1024 -3072 0 ) (1024 -3072 -832 ) (1024 -3904 -832 ) 
4 243 269 (0 -3904 0 ) (0 -3072 0 ) (0 -3072 -832 ) (0 -3904 -832 ) 
4 244 264 (-38 -2670 -680 ) (-86 -2670 -680 ) (-86 -2670 -832 ) (-38 -2670 -832 ) 
4 244 263 (-38 -2670 -690 ) (-38 -2670 -832 ) (-22 -2670 -832 ) (-22 -2670 -690 ) 
4 244 261 (-6 -2670 -680 ) (-22 -2670 -680 ) (-22 -2670 -690 ) (-6 -2670 -690 ) 
4 244 262 (-22 -2670 -700 ) (-22 -2670 -832 ) (-6 -2670 -832 ) (-6 -2670 -700 ) 
4 244 259 (0 -2670 -700 ) (0 -2670 -680 ) (-6 -2670 -680 ) (-6 -2670 -700 ) 
4 244 260 (0 -2670 -832 ) (0 -2670 -710 ) (-6 -2670 -710 ) (-6 -2670 -832 ) 
4 244 256 (-70 -2670 0 ) (-86 -2670 0 ) (-86 -2670 -650 ) (-70 -2670 -650 ) 
4 244 257 (-86 -2670 -660 ) (-86 -2670 -680 ) (-70 -2670 -680 ) (-70 -2670 -660 ) 
4 244 254 (-54 -2670 0 ) (-70 -2670 0 ) (-70 -2670 -660 ) (-54 -2670 -660 ) 
4 244 255 (-70 -2670 -670 ) (-70 -2670 -680 ) (-54 -2670 -680 ) (-54 -2670 -670 ) 
4 244 253 (-38 -2670 0 ) (-54 -2670 0 ) (-54 -2670 -670 ) (-38 -2670 -670 ) 
4 244 252 (0 -2670 -680 ) (0 -2670 0 ) (-38 -2670 0 ) (-38 -2670 -680 ) 
4 244 249 (-86 -2670 -628 ) (-86 -2670 0 ) (-86 -2654 0 ) (-86 -2654 -628 ) 
4 244 247 (-86 -2654 -618 ) (-86 -2654 0 ) (-86 -2638 0 ) (-86 -2638 -618 ) 
4 244 248 (-86 -2638 -640 ) (-86 -2654 -640 ) (-86 -2654 -628 ) (-86 -2638 -628 ) 
4 244 246 (-86 -2638 -608 ) (-86 -2638 0 ) (-86 -2318 0 ) (-86 -2318 -608 ) 
4 244 245 (-86 -2048 0 ) (-86 -2048 -640 ) (-86 -2318 -640 ) (-86 -2318 0 ) 
4 244 250 (-86 -2048 -640 ) (-86 -2048 -832 ) (-86 -2670 -832 ) (-86 -2670 -640 ) 
4 245 251 (-166 -2048 0 ) (-166 -2048 -640 ) (-166 -2318 -640 ) (-166 -2318 0 ) 
4 245 246 (-86 -2318 -608 ) (-86 -2318 0 ) (-166 -2318 0 ) (-166 -2318 -608 ) 
4 245 250 (-166 -2318 -640 ) (-166 -2048 -640 ) (-86 -2048 -640 ) (-86 -2318 -640 ) 
4 246 251 (-166 -2638 -608 ) (-166 -2638 0 ) (-166 -2318 0 ) (-166 -2318 -608 ) 
4 246 247 (-166 -2638 0 ) (-166 -2638 -608 ) (-86 -2638 -608 ) (-86 -2638 0 ) 
4 247 251 (-166 -2638 0 ) (-166 -2638 -618 ) (-166 -2654 -618 ) (-166 -2654 0 ) 
4 247 249 (-166 -2654 0 ) (-166 -2654 -618 ) (-86 -2654 -618 ) (-86 -2654 0 ) 
4 248 251 (-166 -2638 -628 ) (-166 -2638 -640 ) (-166 -2654 -640 ) (-166 -2654 -628 ) 
4 248 250 (-166 -2654 -640 ) (-166 -2638 -640 ) (-86 -2638 -640 ) (-86 -2654 -640 ) 
4 249 258 (-166 -2670 0 ) (-166 -2670 -628 ) (-86 -2670 -628 ) (-86 -2670 0 ) 
4 249 251 (-166 -2670 -628 ) (-166 -2670 0 ) (-166 -2654 0 ) (-166 -2654 -628 ) 
4 250 264 (-166 -2670 -680 ) (-166 -2670 -832 ) (-86 -2670 -832 ) (-86 -2670 -680 ) 
4 250 258 (-166 -2670 -640 ) (-166 -2670 -680 ) (-86 -2670 -680 ) (-86 -2670 -640 ) 
4 250 251 (-166 -2048 -832 ) (-166 -2670 -832 ) (-166 -2670 -640 ) (-166 -2048 -640 ) 
4 251 264 (-448 -2670 -832 ) (-166 -2670 -832 ) (-166 -2670 -680 ) (-448 -2670 -680 ) 
4 251 258 (-166 -2670 -680 ) (-166 -2670 0 ) (-448 -2670 0 ) (-448 -2670 -680 ) 
4 252 268 (-38 -2750 -680 ) (-14 -2750 -680 ) (-14 -2750 0 ) (-38 -2750 0 ) 
4 252 265 (-14 -2750 -680 ) (0 -2750 -680 ) (0 -2750 0 ) (-14 -2750 0 ) 
4 252 261 (-6 -2750 -680 ) (-22 -2750 -680 ) (-22 -2670 -680 ) (-6 -2670 -680 ) 
4 252 259 (0 -2750 -680 ) (-6 -2750 -680 ) (-6 -2670 -680 ) (0 -2670 -680 ) 
4 252 253 (-38 -2750 -670 ) (-38 -2750 0 ) (-38 -2670 0 ) (-38 -2670 -670 ) 
4 253 268 (-38 -2750 -670 ) (-38 -2750 0 ) (-54 -2750 0 ) (-54 -2750 -670 ) 
4 253 254 (-54 -2750 -660 ) (-54 -2750 0 ) (-54 -2670 0 ) (-54 -2670 -660 ) 
4 254 268 (-54 -2750 -660 ) (-54 -2750 0 ) (-70 -2750 0 ) (-70 -2750 -660 ) 
4 254 256 (-70 -2750 -650 ) (-70 -2750 0 ) (-70 -2670 0 ) (-70 -2670 -650 ) 
4 255 268 (-70 -2750 -680 ) (-54 -2750 -680 ) (-54 -2750 -670 ) (-70 -2750 -670 ) 
4 255 264 (-54 -2750 -680 ) (-70 -2750 -680 ) (-70 -2670 -680 ) (-54 -2670 -680 ) 
4 255 257 (-70 -2670 -680 ) (-70 -2750 -680 ) (-70 -2750 -670 ) (-70 -2670 -670 ) 
4 256 268 (-70 -2750 -650 ) (-70 -2750 0 ) (-86 -2750 0 ) (-86 -2750 -650 ) 
4 256 258 (-86 -2750 -650 ) (-86 -2750 0 ) (-86 -2670 0 ) (-86 -2670 -650 ) 
4 257 268 (-86 -2750 -680 ) (-70 -2750 -680 ) (-70 -2750 -660 ) (-86 -2750 -660 ) 
4 257 264 (-70 -2750 -680 ) (-86 -2750 -680 ) (-86 -2670 -680 ) (-70 -2670 -680 ) 
4 257 258 (-86 -2670 -680 ) (-86 -2750 -680 ) (-86 -2750 -660 ) (-86 -2670 -660 ) 
4 258 268 (-448 -2750 -680 ) (-86 -2750 -680 ) (-86 -2750 0 ) (-448 -2750 0 ) 
4 258 264 (-86 -2750 -680 ) (-448 -2750 -680 ) (-448 -2670 -680 ) (-86 -2670 -680 ) 
4 259 265 (0 -2750 -700 ) (0 -2750 -680 ) (-6 -2750 -680 ) (-6 -2750 -700 ) 
4 259 261 (-6 -2750 -690 ) (-6 -2750 -680 ) (-6 -2670 -680 ) (-6 -2670 -690 ) 
4 260 265 (-6 -2750 -832 ) (0 -2750 -832 ) (0 -2750 -710 ) (-6 -2750 -710 ) 
4 260 262 (-6 -2670 -832 ) (-6 -2750 -832 ) (-6 -2750 -710 ) (-6 -2670 -710 ) 
4 261 268 (-14 -2750 -680 ) (-22 -2750 -680 ) (-22 -2750 -690 ) (-14 -2750 -690 ) 
4 261 265 (-6 -2750 -690 ) (-6 -2750 -680 ) (-14 -2750 -680 ) (-14 -2750 -690 ) 
4 262 268 (-22 -2750 -832 ) (-14 -2750 -832 ) (-14 -2750 -700 ) (-22 -2750 -700 ) 
4 262 265 (-14 -2750 -832 ) (-6 -2750 -832 ) (-6 -2750 -700 ) (-14 -2750 -700 ) 
4 262 263 (-22 -2670 -832 ) (-22 -2750 -832 ) (-22 -2750 -700 ) (-22 -2670 -700 ) 
4 263 268 (-38 -2750 -832 ) (-22 -2750 -832 ) (-22 -2750 -690 ) (-38 -2750 -690 ) 
4 263 264 (-38 -2670 -832 ) (-38 -2750 -832 ) (-38 -2750 -690 ) (-38 -2670 -690 ) 
4 264 268 (-448 -2750 -832 ) (-38 -2750 -832 ) (-38 -2750 -680 ) (-448 -2750 -680 ) 
4 265 268 (-14 -2750 -832 ) (-14 -2820 -832 ) (-14 -2820 0 ) (-14 -2750 0 ) 
4 265 266 (-14 -2820 0 ) (-14 -2820 -800 ) (0 -2820 -800 ) (0 -2820 0 ) 
4 266 268 (-14 -3040 -800 ) (-14 -3040 0 ) (-14 -2820 0 ) (-14 -2820 -800 ) 
4 266 267 (-14 -3040 0 ) (-14 -3040 -800 ) (0 -3040 -800 ) (0 -3040 0 ) 
4 267 269 (0 -3072 -832 ) (0 -3072 0 ) (-14 -3072 0 ) (-14 -3072 -832 ) 
4 267 268 (-14 -3040 -832 ) (-14 -3072 -832 ) (-14 -3072 0 ) (-14 -3040 0 ) 
4 268 269 (-14 -3072 0 ) (-448 -3072 0 ) (-448 -3072 -832 ) (-14 -3072 -832 ) 
